This is pdfTeX, Version 3.141592653-2.6-1.40.23 (TeX Live 2021/W32TeX) (preloaded format=pdflatex 2022.1.2)  13 JAN 2022 19:45
entering extended mode
 restricted \write18 enabled.
 %&-line parsing enabled.
**thesis_ns.tex
(./thesis_ns.tex
LaTeX2e <2021-11-15> patch level 1
L3 programming layer <2021-11-22> (./template/monashthesis.cls

LaTeX Warning: You have requested document class `template/monashthesis',
               but the document class provides `monashthesis'.

Document Class: monashthesis 2016/09/06 Monash Thesis Class
(c:/Users/spyri/AppData/Roaming/TinyTeX/texmf-dist/tex/latex/base/fontenc.sty
Package: fontenc 2021/04/29 v2.0v Standard LaTeX package
) (c:/Users/spyri/AppData/Roaming/TinyTeX/texmf-dist/tex/latex/base/inputenc.st
y
Package: inputenc 2021/02/14 v1.3d Input encoding file
\inpenc@prehook=\toks16
\inpenc@posthook=\toks17
) (c:/Users/spyri/AppData/Roaming/TinyTeX/texmf-dist/tex/latex/bera/bera.sty
Package: bera 2004/01/31 (WaS)
(c:/Users/spyri/AppData/Roaming/TinyTeX/texmf-dist/tex/latex/base/fontenc.sty
Package: fontenc 2021/04/29 v2.0v Standard LaTeX package
) (c:/Users/spyri/AppData/Roaming/TinyTeX/texmf-dist/tex/latex/base/textcomp.st
y
Package: textcomp 2020/02/02 v2.0n Standard LaTeX package
)
(c:/Users/spyri/AppData/Roaming/TinyTeX/texmf-dist/tex/latex/bera/beraserif.sty
Package: beraserif 2004/01/30 (WaS)

(c:/Users/spyri/AppData/Roaming/TinyTeX/texmf-dist/tex/latex/graphics/keyval.st
y
Package: keyval 2014/10/28 v1.15 key=value parser (DPC)
\KV@toks@=\toks18
)
LaTeX Font Info:    Trying to load font information for T1+fve on input line 30
.
(c:/Users/spyri/AppData/Roaming/TinyTeX/texmf-dist/tex/latex/bera/t1fve.fd
File: t1fve.fd 2004/09/07 scalable font definitions for T1/fve.
)
LaTeX Font Info:    Font shape `T1/fve/m/n' will be
(Font)              scaled to size 8.99994pt on input line 30.
) (c:/Users/spyri/AppData/Roaming/TinyTeX/texmf-dist/tex/latex/bera/berasans.st
y
Package: berasans 2004/01/30 (WaS)
) (c:/Users/spyri/AppData/Roaming/TinyTeX/texmf-dist/tex/latex/bera/beramono.st
y
Package: beramono 2004/01/31 (WaS)
))
(c:/Users/spyri/AppData/Roaming/TinyTeX/texmf-dist/tex/latex/psnfss/mathpazo.st
y
Package: mathpazo 2020/03/25 PSNFSS-v9.3 Palatino w/ Pazo Math (D.Puga, WaS) 
\symupright=\mathgroup4
) (c:/Users/spyri/AppData/Roaming/TinyTeX/texmf-dist/tex/latex/base/report.cls
Document Class: report 2021/10/04 v1.4n Standard LaTeX document class
(c:/Users/spyri/AppData/Roaming/TinyTeX/texmf-dist/tex/latex/base/size11.clo
File: size11.clo 2021/10/04 v1.4n Standard LaTeX file (size option)
LaTeX Font Info:    Font shape `T1/fve/m/n' will be
(Font)              scaled to size 9.85492pt on input line 54.
)
\c@part=\count183
\c@chapter=\count184
\c@section=\count185
\c@subsection=\count186
\c@subsubsection=\count187
\c@paragraph=\count188
\c@subparagraph=\count189
\c@figure=\count190
\c@table=\count191
\abovecaptionskip=\skip47
\belowcaptionskip=\skip48
\bibindent=\dimen138
)
(c:/Users/spyri/AppData/Roaming/TinyTeX/texmf-dist/tex/latex/geometry/geometry.
sty
Package: geometry 2020/01/02 v5.9 Page Geometry

(c:/Users/spyri/AppData/Roaming/TinyTeX/texmf-dist/tex/generic/iftex/ifvtex.sty
Package: ifvtex 2019/10/25 v1.7 ifvtex legacy package. Use iftex instead.
(c:/Users/spyri/AppData/Roaming/TinyTeX/texmf-dist/tex/generic/iftex/iftex.sty
Package: iftex 2020/03/06 v1.0d TeX engine tests
))
\Gm@cnth=\count192
\Gm@cntv=\count193
\c@Gm@tempcnt=\count194
\Gm@bindingoffset=\dimen139
\Gm@wd@mp=\dimen140
\Gm@odd@mp=\dimen141
\Gm@even@mp=\dimen142
\Gm@layoutwidth=\dimen143
\Gm@layoutheight=\dimen144
\Gm@layouthoffset=\dimen145
\Gm@layoutvoffset=\dimen146
\Gm@dimlist=\toks19
)
(c:/Users/spyri/AppData/Roaming/TinyTeX/texmf-dist/tex/latex/caption/caption.st
y
Package: caption 2020/10/26 v3.5g Customizing captions (AR)

(c:/Users/spyri/AppData/Roaming/TinyTeX/texmf-dist/tex/latex/caption/caption3.s
ty
Package: caption3 2020/10/21 v2.2e caption3 kernel (AR)
\captionmargin=\dimen147
\captionmargin@=\dimen148
\captionwidth=\dimen149
\caption@tempdima=\dimen150
\caption@indent=\dimen151
\caption@parindent=\dimen152
\caption@hangindent=\dimen153
Package caption Info: Standard document class detected.
)
\c@caption@flags=\count195
\c@continuedfloat=\count196
)
(c:/Users/spyri/AppData/Roaming/TinyTeX/texmf-dist/tex/latex/fancyhdr/fancyhdr.
sty
Package: fancyhdr 2021/01/28 v4.0.1 Extensive control of page headers and foote
rs
\f@nch@headwidth=\skip49
\f@nch@O@elh=\skip50
\f@nch@O@erh=\skip51
\f@nch@O@olh=\skip52
\f@nch@O@orh=\skip53
\f@nch@O@elf=\skip54
\f@nch@O@erf=\skip55
\f@nch@O@olf=\skip56
\f@nch@O@orf=\skip57
) (c:/Users/spyri/AppData/Roaming/TinyTeX/texmf-dist/tex/latex/tools/bm.sty
Package: bm 2021/04/25 v1.2e Bold Symbol Support (DPC/FMi)
\symboldoperators=\mathgroup5
\symboldletters=\mathgroup6
\symboldsymbols=\mathgroup7
Package bm Info: No bold for \OMX/zplm/m/n, using \pmb.
\symboldupright=\mathgroup8
LaTeX Font Info:    Redeclaring math alphabet \mathbf on input line 149.
)
(c:/Users/spyri/AppData/Roaming/TinyTeX/texmf-dist/tex/latex/amsmath/amsmath.st
y
Package: amsmath 2021/10/15 v2.17l AMS math features
\@mathmargin=\skip58
For additional information on amsmath, use the `?' option.

(c:/Users/spyri/AppData/Roaming/TinyTeX/texmf-dist/tex/latex/amsmath/amstext.st
y
Package: amstext 2021/08/26 v2.01 AMS text

(c:/Users/spyri/AppData/Roaming/TinyTeX/texmf-dist/tex/latex/amsmath/amsgen.sty
File: amsgen.sty 1999/11/30 v2.0 generic functions
\@emptytoks=\toks20
\ex@=\dimen154
))
(c:/Users/spyri/AppData/Roaming/TinyTeX/texmf-dist/tex/latex/amsmath/amsbsy.sty
Package: amsbsy 1999/11/29 v1.2d Bold Symbols
LaTeX Info: Redefining \boldsymbol on input line 28.
\pmbraise@=\dimen155
)
(c:/Users/spyri/AppData/Roaming/TinyTeX/texmf-dist/tex/latex/amsmath/amsopn.sty
Package: amsopn 2021/08/26 v2.02 operator names
)
\inf@bad=\count197
LaTeX Info: Redefining \frac on input line 234.
\uproot@=\count198
\leftroot@=\count199
LaTeX Info: Redefining \overline on input line 399.
\classnum@=\count266
\DOTSCASE@=\count267
LaTeX Info: Redefining \ldots on input line 496.
LaTeX Info: Redefining \dots on input line 499.
LaTeX Info: Redefining \cdots on input line 620.
\Mathstrutbox@=\box50
\strutbox@=\box51
\big@size=\dimen156
LaTeX Font Info:    Redeclaring font encoding OML on input line 743.
LaTeX Font Info:    Redeclaring font encoding OMS on input line 744.
\macc@depth=\count268
\c@MaxMatrixCols=\count269
\dotsspace@=\muskip16
\c@parentequation=\count270
\dspbrk@lvl=\count271
\tag@help=\toks21
\row@=\count272
\column@=\count273
\maxfields@=\count274
\andhelp@=\toks22
\eqnshift@=\dimen157
\alignsep@=\dimen158
\tagshift@=\dimen159
\tagwidth@=\dimen160
\totwidth@=\dimen161
\lineht@=\dimen162
\@envbody=\toks23
\multlinegap=\skip59
\multlinetaggap=\skip60
\mathdisplay@stack=\toks24
LaTeX Info: Redefining \[ on input line 2938.
LaTeX Info: Redefining \] on input line 2939.
)
(c:/Users/spyri/AppData/Roaming/TinyTeX/texmf-dist/tex/latex/graphics/graphicx.
sty
Package: graphicx 2021/09/16 v1.2d Enhanced LaTeX Graphics (DPC,SPQR)

(c:/Users/spyri/AppData/Roaming/TinyTeX/texmf-dist/tex/latex/graphics/graphics.
sty
Package: graphics 2021/03/04 v1.4d Standard LaTeX Graphics (DPC,SPQR)
(c:/Users/spyri/AppData/Roaming/TinyTeX/texmf-dist/tex/latex/graphics/trig.sty
Package: trig 2021/08/11 v1.11 sin cos tan (DPC)
)
(c:/Users/spyri/AppData/Roaming/TinyTeX/texmf-dist/tex/latex/graphics-cfg/graph
ics.cfg
File: graphics.cfg 2016/06/04 v1.11 sample graphics configuration
)
Package graphics Info: Driver file: pdftex.def on input line 107.

(c:/Users/spyri/AppData/Roaming/TinyTeX/texmf-dist/tex/latex/graphics-def/pdfte
x.def
File: pdftex.def 2020/10/05 v1.2a Graphics/color driver for pdftex
))
\Gin@req@height=\dimen163
\Gin@req@width=\dimen164
)
(c:/Users/spyri/AppData/Roaming/TinyTeX/texmf-dist/tex/latex/placeins/placeins.
sty
Package: placeins 2005/04/18  v 2.2
)
(c:/Users/spyri/AppData/Roaming/TinyTeX/texmf-dist/tex/latex/titlesec/titlesec.
sty
Package: titlesec 2021/07/05 v2.14 Sectioning titles
\ttl@box=\box52
\beforetitleunit=\skip61
\aftertitleunit=\skip62
\ttl@plus=\dimen165
\ttl@minus=\dimen166
\ttl@toksa=\toks25
\titlewidth=\dimen167
\titlewidthlast=\dimen168
\titlewidthfirst=\dimen169
)
(c:/Users/spyri/AppData/Roaming/TinyTeX/texmf-dist/tex/latex/setspace/setspace.
sty
Package: setspace 2011/12/19 v6.7a set line spacing
)
(c:/Users/spyri/AppData/Roaming/TinyTeX/texmf-dist/tex/latex/microtype/microtyp
e.sty
Package: microtype 2021/12/10 v3.0b Micro-typographical refinements (RS)

(c:/Users/spyri/AppData/Roaming/TinyTeX/texmf-dist/tex/latex/etoolbox/etoolbox.
sty
Package: etoolbox 2020/10/05 v2.5k e-TeX tools for LaTeX (JAW)
\etb@tempcnta=\count275
)
\MT@toks=\toks26
\MT@count=\count276
\MT@tempbox=\box53
LaTeX Info: Redefining \leftprotrusion on input line 1010.
LaTeX Info: Redefining \rightprotrusion on input line 1018.
LaTeX Info: Redefining \textls on input line 1173.
\MT@outer@kern=\dimen170
LaTeX Info: Redefining \textmicrotypecontext on input line 1759.
\MT@listname@count=\count277

(c:/Users/spyri/AppData/Roaming/TinyTeX/texmf-dist/tex/latex/microtype/microtyp
e-pdftex.def
File: microtype-pdftex.def 2021/12/10 v3.0b Definitions specific to pdftex (RS)

LaTeX Info: Redefining \lsstyle on input line 897.
LaTeX Info: Redefining \lslig on input line 897.
\MT@outer@space=\skip63
)
Package microtype Info: Loading configuration file microtype.cfg.

(c:/Users/spyri/AppData/Roaming/TinyTeX/texmf-dist/tex/latex/microtype/microtyp
e.cfg
File: microtype.cfg 2021/12/10 v3.0b microtype main configuration file (RS)
))
(c:/Users/spyri/AppData/Roaming/TinyTeX/texmf-dist/tex/latex/biblatex/biblatex.
sty
Package: biblatex 2020/12/31 v3.16 programmable bibliographies (PK/MW)

(c:/Users/spyri/AppData/Roaming/TinyTeX/texmf-dist/tex/generic/pdftexcmds/pdfte
xcmds.sty
Package: pdftexcmds 2020-06-27 v0.33 Utility functions of pdfTeX for LuaTeX (HO
)

(c:/Users/spyri/AppData/Roaming/TinyTeX/texmf-dist/tex/generic/infwarerr/infwar
err.sty
Package: infwarerr 2019/12/03 v1.5 Providing info/warning/error messages (HO)
)
(c:/Users/spyri/AppData/Roaming/TinyTeX/texmf-dist/tex/generic/ltxcmds/ltxcmds.
sty
Package: ltxcmds 2020-05-10 v1.25 LaTeX kernel commands for general use (HO)
)
Package pdftexcmds Info: \pdf@primitive is available.
Package pdftexcmds Info: \pdf@ifprimitive is available.
Package pdftexcmds Info: \pdfdraftmode found.
)
(c:/Users/spyri/AppData/Roaming/TinyTeX/texmf-dist/tex/latex/kvoptions/kvoption
s.sty
Package: kvoptions 2020-10-07 v3.14 Key value format for package options (HO)

(c:/Users/spyri/AppData/Roaming/TinyTeX/texmf-dist/tex/generic/kvsetkeys/kvsetk
eys.sty
Package: kvsetkeys 2019/12/15 v1.18 Key value parser (HO)
)) (c:/Users/spyri/AppData/Roaming/TinyTeX/texmf-dist/tex/latex/logreq/logreq.s
ty
Package: logreq 2010/08/04 v1.0 xml request logger
\lrq@indent=\count278
(c:/Users/spyri/AppData/Roaming/TinyTeX/texmf-dist/tex/latex/logreq/logreq.def
File: logreq.def 2010/08/04 v1.0 logreq spec v1.0
)) (c:/Users/spyri/AppData/Roaming/TinyTeX/texmf-dist/tex/latex/base/ifthen.sty
Package: ifthen 2020/11/24 v1.1c Standard LaTeX ifthen package (DPC)
) (c:/Users/spyri/AppData/Roaming/TinyTeX/texmf-dist/tex/latex/url/url.sty
\Urlmuskip=\muskip17
Package: url 2013/09/16  ver 3.4  Verb mode for urls, etc.
)
\c@tabx@nest=\count279
\c@listtotal=\count280
\c@listcount=\count281
\c@liststart=\count282
\c@liststop=\count283
\c@citecount=\count284
\c@citetotal=\count285
\c@multicitecount=\count286
\c@multicitetotal=\count287
\c@instcount=\count288
\c@maxnames=\count289
\c@minnames=\count290
\c@maxitems=\count291
\c@minitems=\count292
\c@citecounter=\count293
\c@maxcitecounter=\count294
\c@savedcitecounter=\count295
\c@uniquelist=\count296
\c@uniquename=\count297
\c@refsection=\count298
\c@refsegment=\count299
\c@maxextratitle=\count300
\c@maxextratitleyear=\count301
\c@maxextraname=\count302
\c@maxextradate=\count303
\c@maxextraalpha=\count304
\c@abbrvpenalty=\count305
\c@highnamepenalty=\count306
\c@lownamepenalty=\count307
\c@maxparens=\count308
\c@parenlevel=\count309
\blx@tempcnta=\count310
\blx@tempcntb=\count311
\blx@tempcntc=\count312
\blx@maxsection=\count313
\blx@maxsegment@0=\count314
\blx@notetype=\count315
\blx@parenlevel@text=\count316
\blx@parenlevel@foot=\count317
\blx@sectionciteorder@0=\count318
\blx@entrysetcounter=\count319
\blx@biblioinstance=\count320
\labelnumberwidth=\skip64
\labelalphawidth=\skip65
\biblabelsep=\skip66
\bibitemsep=\skip67
\bibnamesep=\skip68
\bibinitsep=\skip69
\bibparsep=\skip70
\bibhang=\skip71
\blx@bcfin=\read2
\blx@bcfout=\write3
\blx@langwohyphens=\language4
\c@mincomprange=\count321
\c@maxcomprange=\count322
\c@mincompwidth=\count323
Package biblatex Info: Trying to load biblatex default data model...
Package biblatex Info: ... file 'blx-dm.def' found.

(c:/Users/spyri/AppData/Roaming/TinyTeX/texmf-dist/tex/latex/biblatex/blx-dm.de
f
File: blx-dm.def 2020/12/31 v3.16 biblatex localization (PK/MW)
)
Package biblatex Info: Trying to load biblatex style data model...
Package biblatex Info: ... file 'authoryear-comp.dbx' not found.
Package biblatex Info: Trying to load biblatex custom data model...
Package biblatex Info: ... file 'biblatex-dm.cfg' not found.
\c@afterword=\count324
\c@savedafterword=\count325
\c@annotator=\count326
\c@savedannotator=\count327
\c@author=\count328
\c@savedauthor=\count329
\c@bookauthor=\count330
\c@savedbookauthor=\count331
\c@commentator=\count332
\c@savedcommentator=\count333
\c@editor=\count334
\c@savededitor=\count335
\c@editora=\count336
\c@savededitora=\count337
\c@editorb=\count338
\c@savededitorb=\count339
\c@editorc=\count340
\c@savededitorc=\count341
\c@foreword=\count342
\c@savedforeword=\count343
\c@holder=\count344
\c@savedholder=\count345
\c@introduction=\count346
\c@savedintroduction=\count347
\c@namea=\count348
\c@savednamea=\count349
\c@nameb=\count350
\c@savednameb=\count351
\c@namec=\count352
\c@savednamec=\count353
\c@translator=\count354
\c@savedtranslator=\count355
\c@shortauthor=\count356
\c@savedshortauthor=\count357
\c@shorteditor=\count358
\c@savedshorteditor=\count359
\c@labelname=\count360
\c@savedlabelname=\count361
\c@institution=\count362
\c@savedinstitution=\count363
\c@lista=\count364
\c@savedlista=\count365
\c@listb=\count366
\c@savedlistb=\count367
\c@listc=\count368
\c@savedlistc=\count369
\c@listd=\count370
\c@savedlistd=\count371
\c@liste=\count372
\c@savedliste=\count373
\c@listf=\count374
\c@savedlistf=\count375
\c@location=\count376
\c@savedlocation=\count377
\c@organization=\count378
\c@savedorganization=\count379
\c@origlocation=\count380
\c@savedoriglocation=\count381
\c@origpublisher=\count382
\c@savedorigpublisher=\count383
\c@publisher=\count384
\c@savedpublisher=\count385
\c@language=\count386
\c@savedlanguage=\count387
\c@origlanguage=\count388
\c@savedoriglanguage=\count389
\c@pageref=\count390
\c@savedpageref=\count391
\shorthandwidth=\skip72
\shortjournalwidth=\skip73
\shortserieswidth=\skip74
\shorttitlewidth=\skip75
\shortauthorwidth=\skip76
\shorteditorwidth=\skip77
\locallabelnumberwidth=\skip78
\locallabelalphawidth=\skip79
\localshorthandwidth=\skip80
\localshortjournalwidth=\skip81
\localshortserieswidth=\skip82
\localshorttitlewidth=\skip83
\localshortauthorwidth=\skip84
\localshorteditorwidth=\skip85
Package biblatex Info: Trying to load compatibility code...
Package biblatex Info: ... file 'blx-compat.def' found.

(c:/Users/spyri/AppData/Roaming/TinyTeX/texmf-dist/tex/latex/biblatex/blx-compa
t.def
File: blx-compat.def 2020/12/31 v3.16 biblatex compatibility (PK/MW)
)
Package biblatex Info: Trying to load generic definitions...
Package biblatex Info: ... file 'biblatex.def' found.

(c:/Users/spyri/AppData/Roaming/TinyTeX/texmf-dist/tex/latex/biblatex/biblatex.
def
File: biblatex.def 2020/12/31 v3.16 biblatex compatibility (PK/MW)
\c@textcitecount=\count392
\c@textcitetotal=\count393
\c@textcitemaxnames=\count394
\c@biburlbigbreakpenalty=\count395
\c@biburlbreakpenalty=\count396
\c@biburlnumpenalty=\count397
\c@biburlucpenalty=\count398
\c@biburllcpenalty=\count399
\biburlbigskip=\muskip18
\biburlnumskip=\muskip19
\biburlucskip=\muskip20
\biburllcskip=\muskip21
\c@smartand=\count400
)
Package biblatex Info: Trying to load natbib compatibility...
Package biblatex Info: ... file 'blx-natbib.def' found.

(c:/Users/spyri/AppData/Roaming/TinyTeX/texmf-dist/tex/latex/biblatex/blx-natbi
b.def
File: blx-natbib.def 2020/12/31 v3.16 biblatex compatibility (PK/MW)
Package biblatex Info: Delimiter 'nameyeardelim' in context '' already defined,
 overwriting.
)
Package biblatex Info: Trying to load bibliography style 'authoryear-comp'...
Package biblatex Info: ... file 'authoryear-comp.bbx' found.

(c:/Users/spyri/AppData/Roaming/TinyTeX/texmf-dist/tex/latex/biblatex/bbx/autho
ryear-comp.bbx
File: authoryear-comp.bbx 2020/12/31 v3.16 biblatex bibliography style (PK/MW)
Package biblatex Info: Trying to load bibliography style 'authoryear'...
Package biblatex Info: ... file 'authoryear.bbx' found.

(c:/Users/spyri/AppData/Roaming/TinyTeX/texmf-dist/tex/latex/biblatex/bbx/autho
ryear.bbx
File: authoryear.bbx 2020/12/31 v3.16 biblatex bibliography style (PK/MW)
Package biblatex Info: Trying to load bibliography style 'standard'...
Package biblatex Info: ... file 'standard.bbx' found.

(c:/Users/spyri/AppData/Roaming/TinyTeX/texmf-dist/tex/latex/biblatex/bbx/stand
ard.bbx
File: standard.bbx 2020/12/31 v3.16 biblatex bibliography style (PK/MW)
\c@bbx:relatedcount=\count401
\c@bbx:relatedtotal=\count402
)))
Package biblatex Info: Trying to load citation style 'authoryear-comp'...
Package biblatex Info: ... file 'authoryear-comp.cbx' found.

(c:/Users/spyri/AppData/Roaming/TinyTeX/texmf-dist/tex/latex/biblatex/cbx/autho
ryear-comp.cbx
File: authoryear-comp.cbx 2020/12/31 v3.16 biblatex citation style (PK/MW)
Package biblatex Info: Redefining '\cite'.
Package biblatex Info: Redefining '\parencite'.
Package biblatex Info: Redefining '\footcite'.
Package biblatex Info: Redefining '\footcitetext'.
Package biblatex Info: Redefining '\smartcite'.
Package biblatex Info: Redefining '\textcite'.
Package biblatex Info: Redefining '\textcites'.
Package biblatex Info: Redefining '\cites'.
Package biblatex Info: Redefining '\parencites'.
Package biblatex Info: Redefining '\footcites'.
Package biblatex Info: Redefining '\footcitetexts'.
Package biblatex Info: Redefining '\smartcites'.
)
Package biblatex Info: Trying to load configuration file...
Package biblatex Info: ... file 'biblatex.cfg' found.

(c:/Users/spyri/AppData/Roaming/TinyTeX/texmf-dist/tex/latex/biblatex/biblatex.
cfg
File: biblatex.cfg 
)) (c:/Users/spyri/AppData/Roaming/TinyTeX/texmf-dist/tex/latex/xpatch/xpatch.s
ty
(c:/Users/spyri/AppData/Roaming/TinyTeX/texmf-dist/tex/latex/l3kernel/expl3.sty
Package: expl3 2021-11-22 L3 programming layer (loader) 

(c:/Users/spyri/AppData/Roaming/TinyTeX/texmf-dist/tex/latex/l3backend/l3backen
d-pdftex.def
File: l3backend-pdftex.def 2021-12-14 L3 backend support: PDF output (pdfTeX)
\l__color_backend_stack_int=\count403
\l__pdf_internal_box=\box54
))
Package: xpatch 2020/03/25 v0.3a Extending etoolbox patching commands

(c:/Users/spyri/AppData/Roaming/TinyTeX/texmf-dist/tex/latex/l3packages/xparse/
xparse.sty
Package: xparse 2021-11-12 L3 Experimental document command parser
)) (c:/Users/spyri/AppData/Roaming/TinyTeX/texmf-dist/tex/latex/xcolor/xcolor.s
ty
Package: xcolor 2021/10/31 v2.13 LaTeX color extensions (UK)

(c:/Users/spyri/AppData/Roaming/TinyTeX/texmf-dist/tex/latex/graphics-cfg/color
.cfg
File: color.cfg 2016/01/02 v1.6 sample color configuration
)
Package xcolor Info: Driver file: pdftex.def on input line 227.
Package xcolor Info: Model `cmy' substituted by `cmy0' on input line 1352.
Package xcolor Info: Model `hsb' substituted by `rgb' on input line 1356.
Package xcolor Info: Model `RGB' extended on input line 1368.
Package xcolor Info: Model `HTML' substituted by `rgb' on input line 1370.
Package xcolor Info: Model `Hsb' substituted by `hsb' on input line 1371.
Package xcolor Info: Model `tHsb' substituted by `hsb' on input line 1372.
Package xcolor Info: Model `HSB' substituted by `hsb' on input line 1373.
Package xcolor Info: Model `Gray' substituted by `gray' on input line 1374.
Package xcolor Info: Model `wave' substituted by `hsb' on input line 1375.
)
(c:/Users/spyri/AppData/Roaming/TinyTeX/texmf-dist/tex/latex/hyperref/hyperref.
sty
Package: hyperref 2021-06-07 v7.00m Hypertext links for LaTeX

(c:/Users/spyri/AppData/Roaming/TinyTeX/texmf-dist/tex/generic/kvdefinekeys/kvd
efinekeys.sty
Package: kvdefinekeys 2019-12-19 v1.6 Define keys (HO)
)
(c:/Users/spyri/AppData/Roaming/TinyTeX/texmf-dist/tex/generic/pdfescape/pdfesc
ape.sty
Package: pdfescape 2019/12/09 v1.15 Implements pdfTeX's escape features (HO)
)
(c:/Users/spyri/AppData/Roaming/TinyTeX/texmf-dist/tex/latex/hycolor/hycolor.st
y
Package: hycolor 2020-01-27 v1.10 Color options for hyperref/bookmark (HO)
)
(c:/Users/spyri/AppData/Roaming/TinyTeX/texmf-dist/tex/latex/letltxmacro/letltx
macro.sty
Package: letltxmacro 2019/12/03 v1.6 Let assignment for LaTeX macros (HO)
)
(c:/Users/spyri/AppData/Roaming/TinyTeX/texmf-dist/tex/latex/auxhook/auxhook.st
y
Package: auxhook 2019-12-17 v1.6 Hooks for auxiliary files (HO)
)
\@linkdim=\dimen171
\Hy@linkcounter=\count404
\Hy@pagecounter=\count405

(c:/Users/spyri/AppData/Roaming/TinyTeX/texmf-dist/tex/latex/hyperref/pd1enc.de
f
File: pd1enc.def 2021-06-07 v7.00m Hyperref: PDFDocEncoding definition (HO)
Now handling font encoding PD1 ...
... no UTF-8 mapping file for font encoding PD1
)
(c:/Users/spyri/AppData/Roaming/TinyTeX/texmf-dist/tex/latex/hyperref/hyperref-
langpatches.def
File: hyperref-langpatches.def 2021-06-07 v7.00m Hyperref: patches for babel la
nguages
)
(c:/Users/spyri/AppData/Roaming/TinyTeX/texmf-dist/tex/generic/intcalc/intcalc.
sty
Package: intcalc 2019/12/15 v1.3 Expandable calculations with integers (HO)
)
(c:/Users/spyri/AppData/Roaming/TinyTeX/texmf-dist/tex/generic/etexcmds/etexcmd
s.sty
Package: etexcmds 2019/12/15 v1.7 Avoid name clashes with e-TeX commands (HO)
)
\Hy@SavedSpaceFactor=\count406

(c:/Users/spyri/AppData/Roaming/TinyTeX/texmf-dist/tex/latex/hyperref/puenc.def
File: puenc.def 2021-06-07 v7.00m Hyperref: PDF Unicode definition (HO)
Now handling font encoding PU ...
... no UTF-8 mapping file for font encoding PU
)
Package hyperref Info: Option `colorlinks' set `false' on input line 4073.
Package hyperref Info: Hyper figures OFF on input line 4192.
Package hyperref Info: Link nesting OFF on input line 4197.
Package hyperref Info: Hyper index ON on input line 4200.
Package hyperref Info: Plain pages OFF on input line 4207.
Package hyperref Info: Backreferencing OFF on input line 4212.
Package hyperref Info: Implicit mode ON; LaTeX internals redefined.
Package hyperref Info: Bookmarks ON on input line 4445.
\c@Hy@tempcnt=\count407
LaTeX Info: Redefining \url on input line 4804.
\XeTeXLinkMargin=\dimen172

(c:/Users/spyri/AppData/Roaming/TinyTeX/texmf-dist/tex/generic/bitset/bitset.st
y
Package: bitset 2019/12/09 v1.3 Handle bit-vector datatype (HO)

(c:/Users/spyri/AppData/Roaming/TinyTeX/texmf-dist/tex/generic/bigintcalc/bigin
tcalc.sty
Package: bigintcalc 2019/12/15 v1.5 Expandable calculations on big integers (HO
)
))
\Fld@menulength=\count408
\Field@Width=\dimen173
\Fld@charsize=\dimen174
Package hyperref Info: Hyper figures OFF on input line 6076.
Package hyperref Info: Link nesting OFF on input line 6081.
Package hyperref Info: Hyper index ON on input line 6084.
Package hyperref Info: backreferencing OFF on input line 6091.
Package hyperref Info: Link coloring OFF on input line 6096.
Package hyperref Info: Link coloring with OCG OFF on input line 6101.
Package hyperref Info: PDF/A mode OFF on input line 6106.
LaTeX Info: Redefining \ref on input line 6146.
LaTeX Info: Redefining \pageref on input line 6150.

(c:/Users/spyri/AppData/Roaming/TinyTeX/texmf-dist/tex/latex/base/atbegshi-ltx.
sty
Package: atbegshi-ltx 2021/01/10 v1.0c Emulation of the original atbegshi
package with kernel methods
)
\Hy@abspage=\count409
\c@Item=\count410
\c@Hfootnote=\count411
)
Package hyperref Info: Driver (autodetected): hpdftex.

(c:/Users/spyri/AppData/Roaming/TinyTeX/texmf-dist/tex/latex/hyperref/hpdftex.d
ef
File: hpdftex.def 2021-06-07 v7.00m Hyperref driver for pdfTeX

(c:/Users/spyri/AppData/Roaming/TinyTeX/texmf-dist/tex/latex/base/atveryend-ltx
.sty
Package: atveryend-ltx 2020/08/19 v1.0a Emulation of the original atveryend pac
kage
with kernel methods
)
\Fld@listcount=\count412
\c@bookmark@seq@number=\count413

(c:/Users/spyri/AppData/Roaming/TinyTeX/texmf-dist/tex/latex/rerunfilecheck/rer
unfilecheck.sty
Package: rerunfilecheck 2019/12/05 v1.9 Rerun checks for auxiliary files (HO)

(c:/Users/spyri/AppData/Roaming/TinyTeX/texmf-dist/tex/generic/uniquecounter/un
iquecounter.sty
Package: uniquecounter 2019/12/15 v1.4 Provide unlimited unique counter (HO)
)
Package uniquecounter Info: New unique counter `rerunfilecheck' on input line 2
86.
)
\Hy@SectionHShift=\skip86
)
Package hyperref Info: Option `breaklinks' set `true' on input line 159.
Package hyperref Info: Option `bookmarksopen' set `true' on input line 159.
Package hyperref Info: Option `bookmarksnumbered' set `true' on input line 159.

Package hyperref Info: Option `colorlinks' set `true' on input line 159.

(c:/Users/spyri/AppData/Roaming/TinyTeX/texmf-dist/tex/latex/tocbibind/tocbibin
d.sty
Package: tocbibind 2010/10/13 v1.5k extra ToC listings
Package tocbibind Info: The document has chapter divisions on input line 50.

Package tocbibind Note: Using chapter style headings, unless overridden.

)
(c:/Users/spyri/AppData/Roaming/TinyTeX/texmf-dist/tex/latex/tocloft/tocloft.st
y
Package: tocloft 2017/08/31 v2.3i parameterised ToC, etc., typesetting
Package tocloft Info: The document has chapter divisions on input line 51.
\cftparskip=\skip87
\cftbeforetoctitleskip=\skip88
\cftaftertoctitleskip=\skip89
\cftbeforepartskip=\skip90
\cftpartnumwidth=\skip91
\cftpartindent=\skip92
\cftbeforechapskip=\skip93
\cftchapindent=\skip94
\cftchapnumwidth=\skip95
\cftbeforesecskip=\skip96
\cftsecindent=\skip97
\cftsecnumwidth=\skip98
\cftbeforesubsecskip=\skip99
\cftsubsecindent=\skip100
\cftsubsecnumwidth=\skip101
\cftbeforesubsubsecskip=\skip102
\cftsubsubsecindent=\skip103
\cftsubsubsecnumwidth=\skip104
\cftbeforeparaskip=\skip105
\cftparaindent=\skip106
\cftparanumwidth=\skip107
\cftbeforesubparaskip=\skip108
\cftsubparaindent=\skip109
\cftsubparanumwidth=\skip110
\cftbeforeloftitleskip=\skip111
\cftafterloftitleskip=\skip112
\cftbeforefigskip=\skip113
\cftfigindent=\skip114
\cftfignumwidth=\skip115
\c@lofdepth=\count414
\c@lotdepth=\count415
\cftbeforelottitleskip=\skip116
\cftafterlottitleskip=\skip117
\cftbeforetabskip=\skip118
\cfttabindent=\skip119
\cfttabnumwidth=\skip120
) (c:/Users/spyri/AppData/Roaming/TinyTeX/texmf-dist/tex/latex/framed/framed.st
y
Package: framed 2011/10/22 v 0.96: framed or shaded text with page breaks
\OuterFrameSep=\skip121
\fb@frw=\dimen175
\fb@frh=\dimen176
\FrameRule=\dimen177
\FrameSep=\dimen178
)
(c:/Users/spyri/AppData/Roaming/TinyTeX/texmf-dist/tex/latex/fancyvrb/fancyvrb.
sty
Package: fancyvrb 2021/12/21 4.1b verbatim text (tvz,hv)
\FV@CodeLineNo=\count416
\FV@InFile=\read3
\FV@TabBox=\box55
\c@FancyVerbLine=\count417
\FV@StepNumber=\count418
\FV@OutFile=\write4
)
(c:/Users/spyri/AppData/Roaming/TinyTeX/texmf-dist/tex/latex/tools/longtable.st
y
Package: longtable 2021-09-01 v4.17 Multi-page Table package (DPC)
\LTleft=\skip122
\LTright=\skip123
\LTpre=\skip124
\LTpost=\skip125
\LTchunksize=\count419
\LTcapwidth=\dimen179
\LT@head=\box56
\LT@firsthead=\box57
\LT@foot=\box58
\LT@lastfoot=\box59
\LT@gbox=\box60
\LT@cols=\count420
\LT@rows=\count421
\c@LT@tables=\count422
\c@LT@chunks=\count423
\LT@p@ftn=\toks27
)
(c:/Users/spyri/AppData/Roaming/TinyTeX/texmf-dist/tex/latex/booktabs/booktabs.
sty
Package: booktabs 2020/01/12 v1.61803398 Publication quality tables
\heavyrulewidth=\dimen180
\lightrulewidth=\dimen181
\cmidrulewidth=\dimen182
\belowrulesep=\dimen183
\belowbottomsep=\dimen184
\aboverulesep=\dimen185
\abovetopsep=\dimen186
\cmidrulesep=\dimen187
\cmidrulekern=\dimen188
\defaultaddspace=\dimen189
\@cmidla=\count424
\@cmidlb=\count425
\@aboverulesep=\dimen190
\@belowrulesep=\dimen191
\@thisruleclass=\count426
\@lastruleclass=\count427
\@thisrulewidth=\dimen192
))
(c:/Users/spyri/AppData/Roaming/TinyTeX/texmf-dist/tex/generic/thumbpdf/thumbpd
f.sty
Package: thumbpdf 2018/09/07 v3.17 Inclusion of thumbnails (HO)
THUMBPDF: Compressed PDF objects of PDF 1.5 are not supported
) (c:/Users/spyri/AppData/Roaming/TinyTeX/texmf-dist/tex/latex/lm/lmodern.sty
Package: lmodern 2015/05/01 v1.6.1 Latin Modern Fonts
LaTeX Font Info:    Overwriting symbol font `operators' in version `normal'
(Font)                  OT1/ppl/m/n --> OT1/lmr/m/n on input line 22.
LaTeX Font Info:    Overwriting symbol font `letters' in version `normal'
(Font)                  OML/zplm/m/it --> OML/lmm/m/it on input line 23.
LaTeX Font Info:    Overwriting symbol font `symbols' in version `normal'
(Font)                  OMS/zplm/m/n --> OMS/lmsy/m/n on input line 24.
LaTeX Font Info:    Overwriting symbol font `largesymbols' in version `normal'
(Font)                  OMX/zplm/m/n --> OMX/lmex/m/n on input line 25.
LaTeX Font Info:    Overwriting symbol font `operators' in version `bold'
(Font)                  OT1/ppl/b/n --> OT1/lmr/bx/n on input line 26.
LaTeX Font Info:    Overwriting symbol font `letters' in version `bold'
(Font)                  OML/zplm/b/it --> OML/lmm/b/it on input line 27.
LaTeX Font Info:    Overwriting symbol font `symbols' in version `bold'
(Font)                  OMS/zplm/b/n --> OMS/lmsy/b/n on input line 28.
LaTeX Font Info:    Overwriting symbol font `largesymbols' in version `bold'
(Font)                  OMX/zplm/m/n --> OMX/lmex/m/n on input line 29.
LaTeX Font Info:    Overwriting math alphabet `\mathbf' in version `normal'
(Font)                  OT1/ppl/b/n --> OT1/lmr/bx/n on input line 31.
LaTeX Font Info:    Overwriting math alphabet `\mathsf' in version `normal'
(Font)                  OT1/cmss/m/n --> OT1/lmss/m/n on input line 32.
LaTeX Font Info:    Overwriting math alphabet `\mathit' in version `normal'
(Font)                  OT1/ppl/m/it --> OT1/lmr/m/it on input line 33.
LaTeX Font Info:    Overwriting math alphabet `\mathtt' in version `normal'
(Font)                  OT1/cmtt/m/n --> OT1/lmtt/m/n on input line 34.
LaTeX Font Info:    Overwriting math alphabet `\mathbf' in version `bold'
(Font)                  OT1/ppl/b/n --> OT1/lmr/bx/n on input line 35.
LaTeX Font Info:    Overwriting math alphabet `\mathsf' in version `bold'
(Font)                  OT1/cmss/bx/n --> OT1/lmss/bx/n on input line 36.
LaTeX Font Info:    Overwriting math alphabet `\mathit' in version `bold'
(Font)                  OT1/ppl/b/it --> OT1/lmr/bx/it on input line 37.
LaTeX Font Info:    Overwriting math alphabet `\mathtt' in version `bold'
(Font)                  OT1/cmtt/m/n --> OT1/lmtt/m/n on input line 38.
)
(c:/Users/spyri/AppData/Roaming/TinyTeX/texmf-dist/tex/latex/ragged2e/ragged2e.
sty
Package: ragged2e 2021/12/15 v3.1 ragged2e Package
\CenteringLeftskip=\skip126
\RaggedLeftLeftskip=\skip127
\RaggedRightLeftskip=\skip128
\CenteringRightskip=\skip129
\RaggedLeftRightskip=\skip130
\RaggedRightRightskip=\skip131
\CenteringParfillskip=\skip132
\RaggedLeftParfillskip=\skip133
\RaggedRightParfillskip=\skip134
\JustifyingParfillskip=\skip135
\CenteringParindent=\skip136
\RaggedLeftParindent=\skip137
\RaggedRightParindent=\skip138
\JustifyingParindent=\skip139
)
\cslhangindent=\skip140
\@quotelevel=\count428
\@quotereset=\count429
LaTeX Font Info:    Trying to load font information for T1+lmr on input line 51
.
(c:/Users/spyri/AppData/Roaming/TinyTeX/texmf-dist/tex/latex/lm/t1lmr.fd
File: t1lmr.fd 2015/05/01 v1.6.1 Font defs for Latin Modern
) (./thesis_ns.aux)
\openout1 = `thesis_ns.aux'.

LaTeX Font Info:    Checking defaults for OML/cmm/m/it on input line 51.
LaTeX Font Info:    ... okay on input line 51.
LaTeX Font Info:    Checking defaults for OMS/cmsy/m/n on input line 51.
LaTeX Font Info:    ... okay on input line 51.
LaTeX Font Info:    Checking defaults for OT1/cmr/m/n on input line 51.
LaTeX Font Info:    ... okay on input line 51.
LaTeX Font Info:    Checking defaults for T1/cmr/m/n on input line 51.
LaTeX Font Info:    ... okay on input line 51.
LaTeX Font Info:    Checking defaults for TS1/cmr/m/n on input line 51.
LaTeX Font Info:    ... okay on input line 51.
LaTeX Font Info:    Checking defaults for OMX/cmex/m/n on input line 51.
LaTeX Font Info:    ... okay on input line 51.
LaTeX Font Info:    Checking defaults for U/cmr/m/n on input line 51.
LaTeX Font Info:    ... okay on input line 51.
LaTeX Font Info:    Checking defaults for PD1/pdf/m/n on input line 51.
LaTeX Font Info:    ... okay on input line 51.
LaTeX Font Info:    Checking defaults for PU/pdf/m/n on input line 51.
LaTeX Font Info:    ... okay on input line 51.
*geometry* driver: auto-detecting
*geometry* detected driver: pdftex
*geometry* verbose mode - [ preamble ] result:
* driver: pdftex
* paper: a4paper
* layout: <same size as paper>
* layoutoffset:(h,v)=(0.0pt,0.0pt)
* modes: twoside 
* h-part:(L,W,R)=(99.58464pt, 426.79135pt, 71.13188pt)
* v-part:(T,H,B)=(71.13188pt, 674.33032pt, 99.58464pt)
* \paperwidth=597.50787pt
* \paperheight=845.04684pt
* \textwidth=426.79135pt
* \textheight=674.33032pt
* \oddsidemargin=27.31465pt
* \evensidemargin=-1.1381pt
* \topmargin=-38.1381pt
* \headheight=15.0pt
* \headsep=25.0pt
* \topskip=11.0pt
* \footskip=30.0pt
* \marginparwidth=103.0pt
* \marginparsep=10.0pt
* \columnsep=10.0pt
* \skip\footins=10.0pt plus 4.0pt minus 2.0pt
* \hoffset=0.0pt
* \voffset=0.0pt
* \mag=1000
* \@twocolumnfalse
* \@twosidetrue
* \@mparswitchtrue
* \@reversemarginfalse
* (1in=72.27pt=25.4mm, 1cm=28.453pt)

Package caption Info: Begin \AtBeginDocument code.
Package caption Info: hyperref package is loaded.
Package caption Info: longtable package is loaded.

(c:/Users/spyri/AppData/Roaming/TinyTeX/texmf-dist/tex/latex/caption/ltcaption.
sty
Package: ltcaption 2020/05/30 v1.4b longtable captions (AR)
)
Package caption Info: End \AtBeginDocument code.

(c:/Users/spyri/AppData/Roaming/TinyTeX/texmf-dist/tex/latex/epstopdf-pkg/epsto
pdf-base.sty
Package: epstopdf-base 2020-01-24 v2.11 Base part for package epstopdf
Package epstopdf-base Info: Redefining graphics rule for `.eps' on input line 4
85.

(c:/Users/spyri/AppData/Roaming/TinyTeX/texmf-dist/tex/latex/latexconfig/epstop
df-sys.cfg
File: epstopdf-sys.cfg 2010/07/13 v1.3 Configuration of (r)epstopdf for TeX Liv
e
))
LaTeX Info: Redefining \microtypecontext on input line 51.
Package microtype Info: Applying patch `item' on input line 51.
Package microtype Info: Applying patch `toc' on input line 51.
Package microtype Info: Applying patch `eqnum' on input line 51.
Package microtype Info: Applying patch `footnote' on input line 51.
Package microtype Info: Generating PDF output.
Package microtype Info: Character protrusion enabled (level 2).
Package microtype Info: Using default protrusion set `alltext'.
Package microtype Info: Automatic font expansion enabled (level 2),
(microtype)             stretch: 20, shrink: 20, step: 1, non-selected.
Package microtype Info: Using default expansion set `alltext-nott'.
LaTeX Info: Redefining \showhyphens on input line 51.
Package microtype Info: No adjustment of tracking.
Package microtype Info: No adjustment of interword spacing.
Package microtype Info: No adjustment of character kerning.

(c:/Users/spyri/AppData/Roaming/TinyTeX/texmf-dist/tex/latex/microtype/mt-cmr.c
fg
File: mt-cmr.cfg 2013/05/19 v2.2 microtype config. file: Computer Modern Roman 
(RS)
)
Package biblatex Info: Trying to load language 'english'...
Package biblatex Info: ... file 'english.lbx' found.

(c:/Users/spyri/AppData/Roaming/TinyTeX/texmf-dist/tex/latex/biblatex/lbx/engli
sh.lbx
File: english.lbx 2020/12/31 v3.16 biblatex localization (PK/MW)
)
Package biblatex Info: Input encoding 'utf8' detected.
Package biblatex Info: Data encoding 'utf8' specified.
(biblatex)             No need to reencode data.
Package biblatex Info: Document encoding is UTF8 ....
Package biblatex Info: ... and expl3
(biblatex)             2021-11-22 L3 programming layer (loader) 
(biblatex)             is new enough (at least 2020/04/06),
(biblatex)             setting 'casechanger=expl3'.

(c:/Users/spyri/AppData/Roaming/TinyTeX/texmf-dist/tex/latex/biblatex/blx-case-
expl3.sty
Package: blx-case-expl3 2020/12/31 v3.16 expl3 case changing code for biblatex
)
\openout3 = `thesis_ns.bcf'.

Package biblatex Info: Trying to load bibliographic data...
Package biblatex Info: ... file 'thesis_ns.bbl' found.
(./thesis_ns.bbl)
Package biblatex Info: Reference section=0 on input line 51.
Package biblatex Info: Reference segment=0 on input line 51.
Package hyperref Info: Link coloring ON on input line 51.

(c:/Users/spyri/AppData/Roaming/TinyTeX/texmf-dist/tex/latex/hyperref/nameref.s
ty
Package: nameref 2021-04-02 v2.47 Cross-referencing by name of section

(c:/Users/spyri/AppData/Roaming/TinyTeX/texmf-dist/tex/latex/refcount/refcount.
sty
Package: refcount 2019/12/15 v3.6 Data extraction from label references (HO)
)
(c:/Users/spyri/AppData/Roaming/TinyTeX/texmf-dist/tex/generic/gettitlestring/g
ettitlestring.sty
Package: gettitlestring 2019/12/15 v1.6 Cleanup title references (HO)
)
\c@section@level=\count430
)
LaTeX Info: Redefining \ref on input line 51.
LaTeX Info: Redefining \pageref on input line 51.
LaTeX Info: Redefining \nameref on input line 51.
(./thesis_ns.out) (./thesis_ns.out)
\@outlinefile=\write5
\openout5 = `thesis_ns.out'.

LaTeX Font Info:    Trying to load font information for T1+lmss on input line 5
5.
(c:/Users/spyri/AppData/Roaming/TinyTeX/texmf-dist/tex/latex/lm/t1lmss.fd
File: t1lmss.fd 2015/05/01 v1.6.1 Font defs for Latin Modern
)
Package microtype Info: Loading generic protrusion settings for font family
(microtype)             `lmss' (encoding: T1).
(microtype)             For optimal results, create family-specific settings.
(microtype)             See the microtype manual for details.
<template/monash-logo.jpg, id=179, 2370.8575pt x 469.755pt>
File: template/monash-logo.jpg Graphic file (type jpg)
<use template/monash-logo.jpg>
Package pdftex.def Info: template/monash-logo.jpg  used on input line 55.
(pdftex.def)             Requested size: 426.79134pt x 84.55942pt.
LaTeX Font Info:    Font shape `T1/lmss/b/n' in size <24.88> not available
(Font)              Font shape `T1/lmss/bx/n' tried instead on input line 55.
[1

{c:/Users/spyri/AppData/Roaming/TinyTeX/texmf-var/fonts/map/pdftex/updmap/pdfte
x.map} <./template/monash-logo.jpg>]
LaTeX Font Info:    Font shape `T1/lmss/b/n' in size <24> not available
(Font)              Font shape `T1/lmss/bx/n' tried instead on input line 57.
(./thesis_ns.toc
LaTeX Font Info:    Font shape `T1/lmss/b/n' in size <10.95> not available
(Font)              Font shape `T1/lmss/bx/n' tried instead on input line 3.
LaTeX Font Info:    Trying to load font information for OT1+lmr on input line 3
.
(c:/Users/spyri/AppData/Roaming/TinyTeX/texmf-dist/tex/latex/lm/ot1lmr.fd
File: ot1lmr.fd 2015/05/01 v1.6.1 Font defs for Latin Modern
)
LaTeX Font Info:    Trying to load font information for OML+lmm on input line 3
.
(c:/Users/spyri/AppData/Roaming/TinyTeX/texmf-dist/tex/latex/lm/omllmm.fd
File: omllmm.fd 2015/05/01 v1.6.1 Font defs for Latin Modern
)
LaTeX Font Info:    Trying to load font information for OMS+lmsy on input line 
3.
(c:/Users/spyri/AppData/Roaming/TinyTeX/texmf-dist/tex/latex/lm/omslmsy.fd
File: omslmsy.fd 2015/05/01 v1.6.1 Font defs for Latin Modern
)
LaTeX Font Info:    Trying to load font information for OMX+lmex on input line 
3.
(c:/Users/spyri/AppData/Roaming/TinyTeX/texmf-dist/tex/latex/lm/omxlmex.fd
File: omxlmex.fd 2015/05/01 v1.6.1 Font defs for Latin Modern
)
LaTeX Font Info:    External font `lmex10' loaded for size
(Font)              <10.95> on input line 3.
LaTeX Font Info:    External font `lmex10' loaded for size
(Font)              <8> on input line 3.
LaTeX Font Info:    External font `lmex10' loaded for size
(Font)              <6> on input line 3.
LaTeX Font Info:    Trying to load font information for OT1+zplm on input line 
3.
(c:/Users/spyri/AppData/Roaming/TinyTeX/texmf-dist/tex/latex/psnfss/ot1zplm.fd
File: ot1zplm.fd 2002/09/08 Fontinst v1.914 font definitions for OT1/zplm.
)
Package microtype Info: Loading generic protrusion settings for font family
(microtype)             `zplm' (encoding: OT1).
(microtype)             For optimal results, create family-specific settings.
(microtype)             See the microtype manual for details.
LaTeX Font Info:    Trying to load font information for OT1+ppl on input line 3
.
(c:/Users/spyri/AppData/Roaming/TinyTeX/texmf-dist/tex/latex/psnfss/ot1ppl.fd
File: ot1ppl.fd 2001/06/04 font definitions for OT1/ppl.
)
(c:/Users/spyri/AppData/Roaming/TinyTeX/texmf-dist/tex/latex/microtype/mt-ppl.c
fg
File: mt-ppl.cfg 2005/11/16 v1.6 microtype config. file: Palatino (RS)
)
LaTeX Font Info:    Trying to load font information for OML+zplm on input line 
3.
(c:/Users/spyri/AppData/Roaming/TinyTeX/texmf-dist/tex/latex/psnfss/omlzplm.fd
File: omlzplm.fd 2002/09/08 Fontinst v1.914 font definitions for OML/zplm.
)
LaTeX Font Info:    Trying to load font information for OMS+zplm on input line 
3.
(c:/Users/spyri/AppData/Roaming/TinyTeX/texmf-dist/tex/latex/psnfss/omszplm.fd
File: omszplm.fd 2002/09/08 Fontinst v1.914 font definitions for OMS/zplm.
) [2])
\tf@toc=\write6
\openout6 = `thesis_ns.toc'.

LaTeX Font Info:    Font shape `T1/lmss/b/n' in size <14.4> not available
(Font)              Font shape `T1/lmss/bx/n' tried instead on input line 60.
[3] [4

]
LaTeX Font Info:    Font shape `T1/lmss/b/n' in size <20.74> not available
(Font)              Font shape `T1/lmss/bx/n' tried instead on input line 60.
LaTeX Font Info:    Trying to load font information for TS1+lmr on input line 6
3.
(c:/Users/spyri/AppData/Roaming/TinyTeX/texmf-dist/tex/latex/lm/ts1lmr.fd
File: ts1lmr.fd 2015/05/01 v1.6.1 Font defs for Latin Modern
) [5] [6

] [7] [8] [0


]
LaTeX Font Info:    Font shape `T1/lmss/b/n' in size <15> not available
(Font)              Font shape `T1/lmss/bx/n' tried instead on input line 90.

Package hyperref Warning: The anchor of a bookmark and its parent's must not
(hyperref)                be the same. Added a new anchor on input line 91.

[1]
<./figures/ch0_signature.png, id=293, 1480.02937pt x 384.6872pt>
File: ./figures/ch0_signature.png Graphic file (type png)
<use ./figures/ch0_signature.png>
Package pdftex.def Info: ./figures/ch0_signature.png  used on input line 117.
(pdftex.def)             Requested size: 213.39568pt x 55.46417pt.
[2 <./figures/ch0_signature.PNG>] [3] [4

] [5] [6

]
LaTeX Font Info:    Trying to load font information for T1+lmtt on input line 1
51.
(c:/Users/spyri/AppData/Roaming/TinyTeX/texmf-dist/tex/latex/lm/t1lmtt.fd
File: t1lmtt.fd 2015/05/01 v1.6.1 Font defs for Latin Modern
)
Package microtype Info: Loading generic protrusion settings for font family
(microtype)             `lmtt' (encoding: T1).
(microtype)             For optimal results, create family-specific settings.
(microtype)             See the microtype manual for details.
[7] [8

]
Chapter 1.
<./figures/ch1_fig1_data_analysis_workflow.png, id=338, 307.8045pt x 120.888pt>

File: ./figures/ch1_fig1_data_analysis_workflow.png Graphic file (type png)
<use ./figures/ch1_fig1_data_analysis_workflow.png>
Package pdftex.def Info: ./figures/ch1_fig1_data_analysis_workflow.png  used on
 input line 166.
(pdftex.def)             Requested size: 426.79135pt x 167.62985pt.
[9 <./figures/ch1_fig1_data_analysis_workflow.PNG>] [10] [11] [12] [13]
<./figures/ch1_fig2_matejka17fig.png, id=402, 1188.44pt x 834.11626pt>
File: ./figures/ch1_fig2_matejka17fig.png Graphic file (type png)
<use ./figures/ch1_fig2_matejka17fig.png>
Package pdftex.def Info: ./figures/ch1_fig2_matejka17fig.png  used on input lin
e 271.
(pdftex.def)             Requested size: 298.75264pt x 209.68675pt.
LaTeX Font Info:    Font shape `T1/lmss/b/n' in size <12> not available
(Font)              Font shape `T1/lmss/bx/n' tried instead on input line 279.
[14 <./figures/ch1_fig2_matejka17fig.PNG>]
<./figures/ch2_fig1_penguin_splom.pdf, id=421, 303.1325pt x 303.1325pt>
File: ./figures/ch2_fig1_penguin_splom.pdf Graphic file (type pdf)
<use ./figures/ch2_fig1_penguin_splom.pdf>
Package pdftex.def Info: ./figures/ch2_fig1_penguin_splom.pdf  used on input li
ne 289.
(pdftex.def)             Requested size: 426.79135pt x 426.79707pt.
<./figures/ch2_fig2_penguin_pcp.pdf, id=425, 303.1325pt x 303.1325pt>
File: ./figures/ch2_fig2_penguin_pcp.pdf Graphic file (type pdf)
<use ./figures/ch2_fig2_penguin_pcp.pdf>
Package pdftex.def Info: ./figures/ch2_fig2_penguin_pcp.pdf  used on input line
 305.
(pdftex.def)             Requested size: 426.79135pt x 426.79707pt.
[15] [16 <./figures/ch2_fig1_penguin_splom.pdf>] [17 <./figures/ch2_fig2_pengui
n_pcp.pdf>]
<./figures/ch1_fig3_buja05fig.png, id=460, 460.72125pt x 288.07625pt>
File: ./figures/ch1_fig3_buja05fig.png Graphic file (type png)
<use ./figures/ch1_fig3_buja05fig.png>
Package pdftex.def Info: ./figures/ch1_fig3_buja05fig.png  used on input line 3
30.
(pdftex.def)             Requested size: 426.79135pt x 266.85756pt.
[18] [19 <./figures/ch1_fig3_buja05fig.PNG>] [20]
Chapter 2.
[21

]

Package fancyhdr Warning: \headheight is too small (15.0pt): 
(fancyhdr)                Make it at least 25.28426pt, for example:
(fancyhdr)                \setlength{\headheight}{25.28426pt}.
(fancyhdr)                You might also make \topmargin smaller to compensate:

(fancyhdr)                \addtolength{\topmargin}{-10.28426pt}.

[22]
LaTeX Font Info:    Trying to load font information for U+fplmbb on input line 
393.
(c:/Users/spyri/AppData/Roaming/TinyTeX/texmf-dist/tex/latex/psnfss/ufplmbb.fd
File: ufplmbb.fd 2003/10/30 Fontinst v1.914 font definitions for U/fplmbb.
)

Package fancyhdr Warning: \headheight is too small (15.0pt): 
(fancyhdr)                Make it at least 25.28426pt, for example:
(fancyhdr)                \setlength{\headheight}{25.28426pt}.
(fancyhdr)                You might also make \topmargin smaller to compensate:

(fancyhdr)                \addtolength{\topmargin}{-10.28426pt}.

[23]
<./figures/ch3_fig1_biplot.pdf, id=537, 423.5825pt x 144.54pt>
File: ./figures/ch3_fig1_biplot.pdf Graphic file (type pdf)
<use ./figures/ch3_fig1_biplot.pdf>
Package pdftex.def Info: ./figures/ch3_fig1_biplot.pdf  used on input line 426.

(pdftex.def)             Requested size: 426.79135pt x 145.64017pt.

Package fancyhdr Warning: \headheight is too small (15.0pt): 
(fancyhdr)                Make it at least 25.28426pt, for example:
(fancyhdr)                \setlength{\headheight}{25.28426pt}.
(fancyhdr)                You might also make \topmargin smaller to compensate:

(fancyhdr)                \addtolength{\topmargin}{-10.28426pt}.

[24]

Package fancyhdr Warning: \headheight is too small (15.0pt): 
(fancyhdr)                Make it at least 25.28426pt, for example:
(fancyhdr)                \setlength{\headheight}{25.28426pt}.
(fancyhdr)                You might also make \topmargin smaller to compensate:

(fancyhdr)                \addtolength{\topmargin}{-10.28426pt}.

[25 <./figures/ch3_fig1_biplot.pdf>]
<./figures/ch3_fig2_manip_sp.pdf, id=569, 423.5825pt x 144.54pt>
File: ./figures/ch3_fig2_manip_sp.pdf Graphic file (type pdf)
<use ./figures/ch3_fig2_manip_sp.pdf>
Package pdftex.def Info: ./figures/ch3_fig2_manip_sp.pdf  used on input line 45
3.
(pdftex.def)             Requested size: 426.79135pt x 145.64017pt.

Package fancyhdr Warning: \headheight is too small (15.0pt): 
(fancyhdr)                Make it at least 25.28426pt, for example:
(fancyhdr)                \setlength{\headheight}{25.28426pt}.
(fancyhdr)                You might also make \topmargin smaller to compensate:

(fancyhdr)                \addtolength{\topmargin}{-10.28426pt}.

[26 <./figures/ch3_fig2_manip_sp.pdf>]

Package fancyhdr Warning: \headheight is too small (15.0pt): 
(fancyhdr)                Make it at least 25.28426pt, for example:
(fancyhdr)                \setlength{\headheight}{25.28426pt}.
(fancyhdr)                You might also make \topmargin smaller to compensate:

(fancyhdr)                \addtolength{\topmargin}{-10.28426pt}.

[27]
<./figures/ch3_fig3_filmstrip.pdf, id=596, 578.16pt x 316.18124pt>
File: ./figures/ch3_fig3_filmstrip.pdf Graphic file (type pdf)
<use ./figures/ch3_fig3_filmstrip.pdf>
Package pdftex.def Info: ./figures/ch3_fig3_filmstrip.pdf  used on input line 5
27.
(pdftex.def)             Requested size: 426.79135pt x 233.40115pt.

Package fancyhdr Warning: \headheight is too small (15.0pt): 
(fancyhdr)                Make it at least 25.28426pt, for example:
(fancyhdr)                \setlength{\headheight}{25.28426pt}.
(fancyhdr)                You might also make \topmargin smaller to compensate:

(fancyhdr)                \addtolength{\topmargin}{-10.28426pt}.

[28 <./figures/ch3_fig3_filmstrip.pdf>]
LaTeX Font Info:    External font `lmex10' loaded for size
(Font)              <5> on input line 579.

Overfull \hbox (13.59097pt too wide) in paragraph at lines 579--603
 [][] 
 []


Package fancyhdr Warning: \headheight is too small (15.0pt): 
(fancyhdr)                Make it at least 25.28426pt, for example:
(fancyhdr)                \setlength{\headheight}{25.28426pt}.
(fancyhdr)                You might also make \topmargin smaller to compensate:

(fancyhdr)                \addtolength{\topmargin}{-10.28426pt}.

[29]

LaTeX Font Warning: Font shape `T1/lmtt/b/it' in size <10.95> not available
(Font)              Font shape `T1/lmtt/b/sl' tried instead on input line 612.


Package fancyhdr Warning: \headheight is too small (15.0pt): 
(fancyhdr)                Make it at least 25.28426pt, for example:
(fancyhdr)                \setlength{\headheight}{25.28426pt}.
(fancyhdr)                You might also make \topmargin smaller to compensate:

(fancyhdr)                \addtolength{\topmargin}{-10.28426pt}.

[30]

Package fancyhdr Warning: \headheight is too small (15.0pt): 
(fancyhdr)                Make it at least 25.28426pt, for example:
(fancyhdr)                \setlength{\headheight}{25.28426pt}.
(fancyhdr)                You might also make \topmargin smaller to compensate:

(fancyhdr)                \addtolength{\topmargin}{-10.28426pt}.

[31]
<./figures/ch3_fig4_jet_better_pc4.pdf, id=659, 578.16pt x 316.18124pt>
File: ./figures/ch3_fig4_jet_better_pc4.pdf Graphic file (type pdf)
<use ./figures/ch3_fig4_jet_better_pc4.pdf>
Package pdftex.def Info: ./figures/ch3_fig4_jet_better_pc4.pdf  used on input l
ine 671.
(pdftex.def)             Requested size: 426.79135pt x 233.40115pt.
<./figures/ch3_fig5_jet_worse_pc3.pdf, id=660, 578.16pt x 316.18124pt>
File: ./figures/ch3_fig5_jet_worse_pc3.pdf Graphic file (type pdf)
<use ./figures/ch3_fig5_jet_worse_pc3.pdf>
Package pdftex.def Info: ./figures/ch3_fig5_jet_worse_pc3.pdf  used on input li
ne 680.
(pdftex.def)             Requested size: 426.79135pt x 233.40115pt.

Package fancyhdr Warning: \headheight is too small (15.0pt): 
(fancyhdr)                Make it at least 25.28426pt, for example:
(fancyhdr)                \setlength{\headheight}{25.28426pt}.
(fancyhdr)                You might also make \topmargin smaller to compensate:

(fancyhdr)                \addtolength{\topmargin}{-10.28426pt}.

[32]

Package fancyhdr Warning: \headheight is too small (15.0pt): 
(fancyhdr)                Make it at least 25.28426pt, for example:
(fancyhdr)                \setlength{\headheight}{25.28426pt}.
(fancyhdr)                You might also make \topmargin smaller to compensate:

(fancyhdr)                \addtolength{\topmargin}{-10.28426pt}.

[33 <./figures/ch3_fig4_jet_better_pc4.pdf> <./figures/ch3_fig5_jet_worse_pc3.p
df>]
<./figures/ch3_fig6_DIS_better_pc6.pdf, id=706, 578.16pt x 316.18124pt>
File: ./figures/ch3_fig6_DIS_better_pc6.pdf Graphic file (type pdf)
<use ./figures/ch3_fig6_DIS_better_pc6.pdf>
Package pdftex.def Info: ./figures/ch3_fig6_DIS_better_pc6.pdf  used on input l
ine 696.
(pdftex.def)             Requested size: 426.79135pt x 233.40115pt.
<./figures/ch3_fig7_DIS_worse_pc2.pdf, id=707, 578.16pt x 316.18124pt>
File: ./figures/ch3_fig7_DIS_worse_pc2.pdf Graphic file (type pdf)
<use ./figures/ch3_fig7_DIS_worse_pc2.pdf>
Package pdftex.def Info: ./figures/ch3_fig7_DIS_worse_pc2.pdf  used on input li
ne 705.
(pdftex.def)             Requested size: 426.79135pt x 233.40115pt.

Package fancyhdr Warning: \headheight is too small (15.0pt): 
(fancyhdr)                Make it at least 25.28426pt, for example:
(fancyhdr)                \setlength{\headheight}{25.28426pt}.
(fancyhdr)                You might also make \topmargin smaller to compensate:

(fancyhdr)                \addtolength{\topmargin}{-10.28426pt}.

[34 <./figures/ch3_fig6_DIS_better_pc6.pdf>]

Package fancyhdr Warning: \headheight is too small (15.0pt): 
(fancyhdr)                Make it at least 25.28426pt, for example:
(fancyhdr)                \setlength{\headheight}{25.28426pt}.
(fancyhdr)                You might also make \topmargin smaller to compensate:

(fancyhdr)                \addtolength{\topmargin}{-10.28426pt}.

[35 <./figures/ch3_fig7_DIS_worse_pc2.pdf>]

Package fancyhdr Warning: \headheight is too small (15.0pt): 
(fancyhdr)                Make it at least 25.28426pt, for example:
(fancyhdr)                \setlength{\headheight}{25.28426pt}.
(fancyhdr)                You might also make \topmargin smaller to compensate:

(fancyhdr)                \addtolength{\topmargin}{-10.28426pt}.

[36]
Chapter 3.
[37

]

LaTeX Warning: Reference `sec:tours' on page 38 undefined on input line 745.


Package fancyhdr Warning: \headheight is too small (15.0pt): 
(fancyhdr)                Make it at least 38.88426pt, for example:
(fancyhdr)                \setlength{\headheight}{38.88426pt}.
(fancyhdr)                You might also make \topmargin smaller to compensate:

(fancyhdr)                \addtolength{\topmargin}{-23.88426pt}.

[38]

Package fancyhdr Warning: \headheight is too small (15.0pt): 
(fancyhdr)                Make it at least 38.88426pt, for example:
(fancyhdr)                \setlength{\headheight}{38.88426pt}.
(fancyhdr)                You might also make \topmargin smaller to compensate:

(fancyhdr)                \addtolength{\topmargin}{-23.88426pt}.

[39]

Package fancyhdr Warning: \headheight is too small (15.0pt): 
(fancyhdr)                Make it at least 38.88426pt, for example:
(fancyhdr)                \setlength{\headheight}{38.88426pt}.
(fancyhdr)                You might also make \topmargin smaller to compensate:

(fancyhdr)                \addtolength{\topmargin}{-23.88426pt}.

[40]
<./figures/ch4_fig1_pca_splom.pdf, id=821, 225.84375pt x 225.84375pt>
File: ./figures/ch4_fig1_pca_splom.pdf Graphic file (type pdf)
<use ./figures/ch4_fig1_pca_splom.pdf>
Package pdftex.def Info: ./figures/ch4_fig1_pca_splom.pdf  used on input line 7
77.
(pdftex.def)             Requested size: 426.79135pt x 426.84692pt.

Package fancyhdr Warning: \headheight is too small (15.0pt): 
(fancyhdr)                Make it at least 38.88426pt, for example:
(fancyhdr)                \setlength{\headheight}{38.88426pt}.
(fancyhdr)                You might also make \topmargin smaller to compensate:

(fancyhdr)                \addtolength{\topmargin}{-23.88426pt}.

[41]

Package fancyhdr Warning: \headheight is too small (15.0pt): 
(fancyhdr)                Make it at least 38.88426pt, for example:
(fancyhdr)                \setlength{\headheight}{38.88426pt}.
(fancyhdr)                You might also make \topmargin smaller to compensate:

(fancyhdr)                \addtolength{\topmargin}{-23.88426pt}.

[42 <./figures/ch4_fig1_pca_splom.pdf>]

Package fancyhdr Warning: \headheight is too small (15.0pt): 
(fancyhdr)                Make it at least 38.88426pt, for example:
(fancyhdr)                \setlength{\headheight}{38.88426pt}.
(fancyhdr)                You might also make \topmargin smaller to compensate:

(fancyhdr)                \addtolength{\topmargin}{-23.88426pt}.

[43]
Underfull \hbox (badness 10000) in paragraph at lines 819--821

 []


Package fancyhdr Warning: \headheight is too small (15.0pt): 
(fancyhdr)                Make it at least 38.88426pt, for example:
(fancyhdr)                \setlength{\headheight}{38.88426pt}.
(fancyhdr)                You might also make \topmargin smaller to compensate:

(fancyhdr)                \addtolength{\topmargin}{-23.88426pt}.

[44]
<./figures/ch4_fig2_exp_factors.pdf, id=872, 451.6875pt x 650.43pt>
File: ./figures/ch4_fig2_exp_factors.pdf Graphic file (type pdf)
<use ./figures/ch4_fig2_exp_factors.pdf>
Package pdftex.def Info: ./figures/ch4_fig2_exp_factors.pdf  used on input line
 829.
(pdftex.def)             Requested size: 426.79135pt x 614.6199pt.

Package fancyhdr Warning: \headheight is too small (15.0pt): 
(fancyhdr)                Make it at least 38.88426pt, for example:
(fancyhdr)                \setlength{\headheight}{38.88426pt}.
(fancyhdr)                You might also make \topmargin smaller to compensate:

(fancyhdr)                \addtolength{\topmargin}{-23.88426pt}.

[45]

Package fancyhdr Warning: \headheight is too small (15.0pt): 
(fancyhdr)                Make it at least 38.88426pt, for example:
(fancyhdr)                \setlength{\headheight}{38.88426pt}.
(fancyhdr)                You might also make \topmargin smaller to compensate:

(fancyhdr)                \addtolength{\topmargin}{-23.88426pt}.

[46 <./figures/ch4_fig2_exp_factors.pdf>]

Package fancyhdr Warning: \headheight is too small (15.0pt): 
(fancyhdr)                Make it at least 38.88426pt, for example:
(fancyhdr)                \setlength{\headheight}{38.88426pt}.
(fancyhdr)                You might also make \topmargin smaller to compensate:

(fancyhdr)                \addtolength{\topmargin}{-23.88426pt}.

[47]
<./figures/ch4_fig3_accuracy_measure.pdf, id=902, 451.6875pt x 225.84375pt>
File: ./figures/ch4_fig3_accuracy_measure.pdf Graphic file (type pdf)
<use ./figures/ch4_fig3_accuracy_measure.pdf>
Package pdftex.def Info: ./figures/ch4_fig3_accuracy_measure.pdf  used on input
 line 873.
(pdftex.def)             Requested size: 426.79135pt x 213.40967pt.

Package fancyhdr Warning: \headheight is too small (15.0pt): 
(fancyhdr)                Make it at least 38.88426pt, for example:
(fancyhdr)                \setlength{\headheight}{38.88426pt}.
(fancyhdr)                You might also make \topmargin smaller to compensate:

(fancyhdr)                \addtolength{\topmargin}{-23.88426pt}.

[48 <./figures/ch4_fig3_accuracy_measure.pdf>]

Package fancyhdr Warning: \headheight is too small (15.0pt): 
(fancyhdr)                Make it at least 38.88426pt, for example:
(fancyhdr)                \setlength{\headheight}{38.88426pt}.
(fancyhdr)                You might also make \topmargin smaller to compensate:

(fancyhdr)                \addtolength{\topmargin}{-23.88426pt}.

[49]

Package fancyhdr Warning: \headheight is too small (15.0pt): 
(fancyhdr)                Make it at least 38.88426pt, for example:
(fancyhdr)                \setlength{\headheight}{38.88426pt}.
(fancyhdr)                You might also make \topmargin smaller to compensate:

(fancyhdr)                \addtolength{\topmargin}{-23.88426pt}.

[50]
<./figures/ch4_fig4_randomization_MANUAL.png, id=933, 665.48625pt x 363.759pt>
File: ./figures/ch4_fig4_randomization_MANUAL.png Graphic file (type png)
<use ./figures/ch4_fig4_randomization_MANUAL.png>
Package pdftex.def Info: ./figures/ch4_fig4_randomization_MANUAL.png  used on i
nput line 911.
(pdftex.def)             Requested size: 426.79135pt x 233.28786pt.

Package fancyhdr Warning: \headheight is too small (15.0pt): 
(fancyhdr)                Make it at least 38.88426pt, for example:
(fancyhdr)                \setlength{\headheight}{38.88426pt}.
(fancyhdr)                You might also make \topmargin smaller to compensate:

(fancyhdr)                \addtolength{\topmargin}{-23.88426pt}.

[51 <./figures/ch4_fig4_randomization_MANUAL.PNG>]

LaTeX Warning: Reference `sec:expfactors' on page 52 undefined on input line 93
7.


Package fancyhdr Warning: \headheight is too small (15.0pt): 
(fancyhdr)                Make it at least 38.88426pt, for example:
(fancyhdr)                \setlength{\headheight}{38.88426pt}.
(fancyhdr)                You might also make \topmargin smaller to compensate:

(fancyhdr)                \addtolength{\topmargin}{-23.88426pt}.

[52]

Package fancyhdr Warning: \headheight is too small (15.0pt): 
(fancyhdr)                Make it at least 38.88426pt, for example:
(fancyhdr)                \setlength{\headheight}{38.88426pt}.
(fancyhdr)                You might also make \topmargin smaller to compensate:

(fancyhdr)                \addtolength{\topmargin}{-23.88426pt}.

[53]
Overfull \hbox (20.04227pt too wide) detected at line 970
[]
 []

LaTeX Font Info:    External font `lmex10' loaded for size
(Font)              <10> on input line 977.
LaTeX Font Info:    External font `lmex10' loaded for size
(Font)              <7.6> on input line 977.
<./figures/ch4_fig5_ABcd_violins.pdf, id=960, 451.6875pt x 451.6875pt>
File: ./figures/ch4_fig5_ABcd_violins.pdf Graphic file (type pdf)
<use ./figures/ch4_fig5_ABcd_violins.pdf>
Package pdftex.def Info: ./figures/ch4_fig5_ABcd_violins.pdf  used on input lin
e 1025.
(pdftex.def)             Requested size: 426.79135pt x 426.81937pt.

LaTeX Warning: Reference `fig:figSubjectiveMeasures' on page 54 undefined on in
put line 1035.


Package fancyhdr Warning: \headheight is too small (15.0pt): 
(fancyhdr)                Make it at least 38.88426pt, for example:
(fancyhdr)                \setlength{\headheight}{38.88426pt}.
(fancyhdr)                You might also make \topmargin smaller to compensate:

(fancyhdr)                \addtolength{\topmargin}{-23.88426pt}.

[54]

Package fancyhdr Warning: \headheight is too small (15.0pt): 
(fancyhdr)                Make it at least 38.88426pt, for example:
(fancyhdr)                \setlength{\headheight}{38.88426pt}.
(fancyhdr)                You might also make \topmargin smaller to compensate:

(fancyhdr)                \addtolength{\topmargin}{-23.88426pt}.

[55 <./figures/ch4_fig5_ABcd_violins.pdf>]
<./figures/ch4_fig6_subjective_measures.pdf, id=987, 451.6875pt x 451.6875pt>
File: ./figures/ch4_fig6_subjective_measures.pdf Graphic file (type pdf)
<use ./figures/ch4_fig6_subjective_measures.pdf>
Package pdftex.def Info: ./figures/ch4_fig6_subjective_measures.pdf  used on in
put line 1039.
(pdftex.def)             Requested size: 426.79135pt x 426.81937pt.

Package fancyhdr Warning: \headheight is too small (15.0pt): 
(fancyhdr)                Make it at least 38.88426pt, for example:
(fancyhdr)                \setlength{\headheight}{38.88426pt}.
(fancyhdr)                You might also make \topmargin smaller to compensate:

(fancyhdr)                \addtolength{\topmargin}{-23.88426pt}.

[56]

Package fancyhdr Warning: \headheight is too small (15.0pt): 
(fancyhdr)                Make it at least 38.88426pt, for example:
(fancyhdr)                \setlength{\headheight}{38.88426pt}.
(fancyhdr)                You might also make \topmargin smaller to compensate:

(fancyhdr)                \addtolength{\topmargin}{-23.88426pt}.

[57 <./figures/ch4_fig6_subjective_measures.pdf>]

Package fancyhdr Warning: \headheight is too small (15.0pt): 
(fancyhdr)                Make it at least 38.88426pt, for example:
(fancyhdr)                \setlength{\headheight}{38.88426pt}.
(fancyhdr)                You might also make \topmargin smaller to compensate:

(fancyhdr)                \addtolength{\topmargin}{-23.88426pt}.

[58]
<./figures/ch4_zapp_fig1_survey_demograpics.pdf, id=1021, 451.6875pt x 225.8437
5pt>
File: ./figures/ch4_zapp_fig1_survey_demograpics.pdf Graphic file (type pdf)
<use ./figures/ch4_zapp_fig1_survey_demograpics.pdf>
Package pdftex.def Info: ./figures/ch4_zapp_fig1_survey_demograpics.pdf  used o
n input line 1092.
(pdftex.def)             Requested size: 426.79135pt x 213.40967pt.

Package fancyhdr Warning: \headheight is too small (15.0pt): 
(fancyhdr)                Make it at least 38.88426pt, for example:
(fancyhdr)                \setlength{\headheight}{38.88426pt}.
(fancyhdr)                You might also make \topmargin smaller to compensate:

(fancyhdr)                \addtolength{\topmargin}{-23.88426pt}.

[59]

Package fancyhdr Warning: \headheight is too small (15.0pt): 
(fancyhdr)                Make it at least 38.88426pt, for example:
(fancyhdr)                \setlength{\headheight}{38.88426pt}.
(fancyhdr)                You might also make \topmargin smaller to compensate:

(fancyhdr)                \addtolength{\topmargin}{-23.88426pt}.

[60 <./figures/ch4_zapp_fig1_survey_demograpics.pdf>]
<./figures/ch4_zapp_fig2_effect_range.pdf, id=1049, 451.6875pt x 451.6875pt>
File: ./figures/ch4_zapp_fig2_effect_range.pdf Graphic file (type pdf)
<use ./figures/ch4_zapp_fig2_effect_range.pdf>
Package pdftex.def Info: ./figures/ch4_zapp_fig2_effect_range.pdf  used on inpu
t line 1161.
(pdftex.def)             Requested size: 426.79135pt x 426.81937pt.
<./figures/ch4_zapp_fig3_T_effect_range.pdf, id=1051, 451.6875pt x 451.6875pt>
File: ./figures/ch4_zapp_fig3_T_effect_range.pdf Graphic file (type pdf)
<use ./figures/ch4_zapp_fig3_T_effect_range.pdf>
Package pdftex.def Info: ./figures/ch4_zapp_fig3_T_effect_range.pdf  used on in
put line 1172.
(pdftex.def)             Requested size: 426.79135pt x 426.81937pt.
<./figures/ch4_zapp_fig4_app_pg1.png, id=1052, 1116.5715pt x 457.10776pt>
File: ./figures/ch4_zapp_fig4_app_pg1.png Graphic file (type png)
<use ./figures/ch4_zapp_fig4_app_pg1.png>
Package pdftex.def Info: ./figures/ch4_zapp_fig4_app_pg1.png  used on input lin
e 1187.
(pdftex.def)             Requested size: 426.79135pt x 174.72108pt.

Package fancyhdr Warning: \headheight is too small (15.0pt): 
(fancyhdr)                Make it at least 38.88426pt, for example:
(fancyhdr)                \setlength{\headheight}{38.88426pt}.
(fancyhdr)                You might also make \topmargin smaller to compensate:

(fancyhdr)                \addtolength{\topmargin}{-23.88426pt}.

[61]

Package fancyhdr Warning: \headheight is too small (15.0pt): 
(fancyhdr)                Make it at least 38.88426pt, for example:
(fancyhdr)                \setlength{\headheight}{38.88426pt}.
(fancyhdr)                You might also make \topmargin smaller to compensate:

(fancyhdr)                \addtolength{\topmargin}{-23.88426pt}.

[62 <./figures/ch4_zapp_fig2_effect_range.pdf>]

Package fancyhdr Warning: \headheight is too small (15.0pt): 
(fancyhdr)                Make it at least 38.88426pt, for example:
(fancyhdr)                \setlength{\headheight}{38.88426pt}.
(fancyhdr)                You might also make \topmargin smaller to compensate:

(fancyhdr)                \addtolength{\topmargin}{-23.88426pt}.

[63 <./figures/ch4_zapp_fig3_T_effect_range.pdf>]
<./figures/ch4_zapp_fig5_app_pg2.png, id=1100, 1110.549pt x 472.164pt>
File: ./figures/ch4_zapp_fig5_app_pg2.png Graphic file (type png)
<use ./figures/ch4_zapp_fig5_app_pg2.png>
Package pdftex.def Info: ./figures/ch4_zapp_fig5_app_pg2.png  used on input lin
e 1198.
(pdftex.def)             Requested size: 426.79135pt x 181.45589pt.

Package fancyhdr Warning: \headheight is too small (15.0pt): 
(fancyhdr)                Make it at least 38.88426pt, for example:
(fancyhdr)                \setlength{\headheight}{38.88426pt}.
(fancyhdr)                You might also make \topmargin smaller to compensate:

(fancyhdr)                \addtolength{\topmargin}{-23.88426pt}.

[64 <./figures/ch4_zapp_fig4_app_pg1.PNG>]

Package fancyhdr Warning: \headheight is too small (15.0pt): 
(fancyhdr)                Make it at least 38.88426pt, for example:
(fancyhdr)                \setlength{\headheight}{38.88426pt}.
(fancyhdr)                You might also make \topmargin smaller to compensate:

(fancyhdr)                \addtolength{\topmargin}{-23.88426pt}.

[65 <./figures/ch4_zapp_fig5_app_pg2.PNG>] [66

]
Chapter 4.
[67]

Package fancyhdr Warning: \headheight is too small (15.0pt): 
(fancyhdr)                Make it at least 25.28426pt, for example:
(fancyhdr)                \setlength{\headheight}{25.28426pt}.
(fancyhdr)                You might also make \topmargin smaller to compensate:

(fancyhdr)                \addtolength{\topmargin}{-10.28426pt}.

[68]

Package fancyhdr Warning: \headheight is too small (15.0pt): 
(fancyhdr)                Make it at least 25.28426pt, for example:
(fancyhdr)                \setlength{\headheight}{25.28426pt}.
(fancyhdr)                You might also make \topmargin smaller to compensate:

(fancyhdr)                \addtolength{\topmargin}{-10.28426pt}.

[69]

Package fancyhdr Warning: \headheight is too small (15.0pt): 
(fancyhdr)                Make it at least 25.28426pt, for example:
(fancyhdr)                \setlength{\headheight}{25.28426pt}.
(fancyhdr)                You might also make \topmargin smaller to compensate:

(fancyhdr)                \addtolength{\topmargin}{-10.28426pt}.

[70]
<./figures/ch5_fig1_shap_distr_bd.png, id=1192, 433.62pt x 505.89pt>
File: ./figures/ch5_fig1_shap_distr_bd.png Graphic file (type png)
<use ./figures/ch5_fig1_shap_distr_bd.png>
Package pdftex.def Info: ./figures/ch5_fig1_shap_distr_bd.png  used on input li
ne 1253.
(pdftex.def)             Requested size: 426.79135pt x 497.94563pt.

Package fancyhdr Warning: \headheight is too small (15.0pt): 
(fancyhdr)                Make it at least 25.28426pt, for example:
(fancyhdr)                \setlength{\headheight}{25.28426pt}.
(fancyhdr)                You might also make \topmargin smaller to compensate:

(fancyhdr)                \addtolength{\topmargin}{-10.28426pt}.

[71]

Package fancyhdr Warning: \headheight is too small (15.0pt): 
(fancyhdr)                Make it at least 25.28426pt, for example:
(fancyhdr)                \setlength{\headheight}{25.28426pt}.
(fancyhdr)                You might also make \topmargin smaller to compensate:

(fancyhdr)                \addtolength{\topmargin}{-10.28426pt}.

[72 <./figures/ch5_fig1_shap_distr_bd.png>]

Package fancyhdr Warning: \headheight is too small (15.0pt): 
(fancyhdr)                Make it at least 25.28426pt, for example:
(fancyhdr)                \setlength{\headheight}{25.28426pt}.
(fancyhdr)                You might also make \topmargin smaller to compensate:

(fancyhdr)                \addtolength{\topmargin}{-10.28426pt}.

[73]

Package fancyhdr Warning: \headheight is too small (15.0pt): 
(fancyhdr)                Make it at least 25.28426pt, for example:
(fancyhdr)                \setlength{\headheight}{25.28426pt}.
(fancyhdr)                You might also make \topmargin smaller to compensate:

(fancyhdr)                \addtolength{\topmargin}{-10.28426pt}.

[74]
<./figures/ch5_fig2_app_classification.png, id=1233, 819.66225pt x 908.79526pt>

File: ./figures/ch5_fig2_app_classification.png Graphic file (type png)
<use ./figures/ch5_fig2_app_classification.png>
Package pdftex.def Info: ./figures/ch5_fig2_app_classification.png  used on inp
ut line 1304.
(pdftex.def)             Requested size: 426.79135pt x 473.20027pt.
<./figures/ch5_fig3_app_regression.png, id=1234, 781.7205pt x 807.61725pt>
File: ./figures/ch5_fig3_app_regression.png Graphic file (type png)
<use ./figures/ch5_fig3_app_regression.png>
Package pdftex.def Info: ./figures/ch5_fig3_app_regression.png  used on input l
ine 1318.
(pdftex.def)             Requested size: 426.79135pt x 440.93753pt.

Package fancyhdr Warning: \headheight is too small (15.0pt): 
(fancyhdr)                Make it at least 25.28426pt, for example:
(fancyhdr)                \setlength{\headheight}{25.28426pt}.
(fancyhdr)                You might also make \topmargin smaller to compensate:

(fancyhdr)                \addtolength{\topmargin}{-10.28426pt}.

[75]

Package fancyhdr Warning: \headheight is too small (15.0pt): 
(fancyhdr)                Make it at least 25.28426pt, for example:
(fancyhdr)                \setlength{\headheight}{25.28426pt}.
(fancyhdr)                You might also make \topmargin smaller to compensate:

(fancyhdr)                \addtolength{\topmargin}{-10.28426pt}.

[76 <./figures/ch5_fig2_app_classification.PNG>]

Package fancyhdr Warning: \headheight is too small (15.0pt): 
(fancyhdr)                Make it at least 25.28426pt, for example:
(fancyhdr)                \setlength{\headheight}{25.28426pt}.
(fancyhdr)                You might also make \topmargin smaller to compensate:

(fancyhdr)                \addtolength{\topmargin}{-10.28426pt}.

[77 <./figures/ch5_fig3_app_regression.PNG>]
<./figures/ch5_fig4_app_interactions.png, id=1258, 813.63976pt x 476.982pt>
File: ./figures/ch5_fig4_app_interactions.png Graphic file (type png)
<use ./figures/ch5_fig4_app_interactions.png>
Package pdftex.def Info: ./figures/ch5_fig4_app_interactions.png  used on input
 line 1334.
(pdftex.def)             Requested size: 426.79135pt x 250.20094pt.

Package fancyhdr Warning: \headheight is too small (15.0pt): 
(fancyhdr)                Make it at least 25.28426pt, for example:
(fancyhdr)                \setlength{\headheight}{25.28426pt}.
(fancyhdr)                You might also make \topmargin smaller to compensate:

(fancyhdr)                \addtolength{\topmargin}{-10.28426pt}.

[78 <./figures/ch5_fig4_app_interactions.PNG>]

Package fancyhdr Warning: \headheight is too small (15.0pt): 
(fancyhdr)                Make it at least 25.28426pt, for example:
(fancyhdr)                \setlength{\headheight}{25.28426pt}.
(fancyhdr)                You might also make \topmargin smaller to compensate:

(fancyhdr)                \addtolength{\topmargin}{-10.28426pt}.

[79]
LaTeX Font Info:    Trying to load font information for TS1+lmtt on input line 
1380.
(c:/Users/spyri/AppData/Roaming/TinyTeX/texmf-dist/tex/latex/lm/ts1lmtt.fd
File: ts1lmtt.fd 2015/05/01 v1.6.1 Font defs for Latin Modern
)
Package microtype Info: Loading generic protrusion settings for font family
(microtype)             `lmtt' (encoding: TS1).
(microtype)             For optimal results, create family-specific settings.
(microtype)             See the microtype manual for details.
Package microtype Info: Character `texttrademark ' is missing
(microtype)             in font `TS1/lmtt/m/n/10.95'.
(microtype)             Ignoring protrusion settings for this character.

Package fancyhdr Warning: \headheight is too small (15.0pt): 
(fancyhdr)                Make it at least 25.28426pt, for example:
(fancyhdr)                \setlength{\headheight}{25.28426pt}.
(fancyhdr)                You might also make \topmargin smaller to compensate:

(fancyhdr)                \addtolength{\topmargin}{-10.28426pt}.

[80]
<./figures/ch5_fig5_case1_penguins.png, id=1299, 433.62pt x 361.35pt>
File: ./figures/ch5_fig5_case1_penguins.png Graphic file (type png)
<use ./figures/ch5_fig5_case1_penguins.png>
Package pdftex.def Info: ./figures/ch5_fig5_case1_penguins.png  used on input l
ine 1400.
(pdftex.def)             Requested size: 426.79135pt x 355.67546pt.

Package fancyhdr Warning: \headheight is too small (15.0pt): 
(fancyhdr)                Make it at least 25.28426pt, for example:
(fancyhdr)                \setlength{\headheight}{25.28426pt}.
(fancyhdr)                You might also make \topmargin smaller to compensate:

(fancyhdr)                \addtolength{\topmargin}{-10.28426pt}.

[81 <./figures/ch5_fig5_case1_penguins.png>]
<./figures/ch5_fig6_case2_chocolates.png, id=1311, 433.62pt x 361.35pt>
File: ./figures/ch5_fig6_case2_chocolates.png Graphic file (type png)
<use ./figures/ch5_fig6_case2_chocolates.png>
Package pdftex.def Info: ./figures/ch5_fig6_case2_chocolates.png  used on input
 line 1418.
(pdftex.def)             Requested size: 426.79135pt x 355.67546pt.

Underfull \hbox (badness 1616) in paragraph at lines 1422--1422
\T1/lmr/m/it/10.95 (+20) late la-beled as dark though a ran-dom for-est model p
re-dicts it to be
 []


LaTeX Warning: Reference `fig:shapdistrbd' on page 82 undefined on input line 1
430.

<./figures/ch5_fig7_case3_fifa.png, id=1317, 397.485pt x 578.16pt>
File: ./figures/ch5_fig7_case3_fifa.png Graphic file (type png)
<use ./figures/ch5_fig7_case3_fifa.png>
Package pdftex.def Info: ./figures/ch5_fig7_case3_fifa.png  used on input line 
1436.
(pdftex.def)             Requested size: 426.79135pt x 620.80412pt.

LaTeX Warning: Float too large for page by 10.87381pt on input line 1441.


Package fancyhdr Warning: \headheight is too small (15.0pt): 
(fancyhdr)                Make it at least 25.28426pt, for example:
(fancyhdr)                \setlength{\headheight}{25.28426pt}.
(fancyhdr)                You might also make \topmargin smaller to compensate:

(fancyhdr)                \addtolength{\topmargin}{-10.28426pt}.

[82]

Package fancyhdr Warning: \headheight is too small (15.0pt): 
(fancyhdr)                Make it at least 25.28426pt, for example:
(fancyhdr)                \setlength{\headheight}{25.28426pt}.
(fancyhdr)                You might also make \topmargin smaller to compensate:

(fancyhdr)                \addtolength{\topmargin}{-10.28426pt}.

[83 <./figures/ch5_fig6_case2_chocolates.png>]

Package fancyhdr Warning: \headheight is too small (15.0pt): 
(fancyhdr)                Make it at least 25.28426pt, for example:
(fancyhdr)                \setlength{\headheight}{25.28426pt}.
(fancyhdr)                You might also make \topmargin smaller to compensate:

(fancyhdr)                \addtolength{\topmargin}{-10.28426pt}.

[84 <./figures/ch5_fig7_case3_fifa.png>]
<./figures/ch5_fig8_case4_ames2018.png, id=1343, 578.16pt x 578.16pt>
File: ./figures/ch5_fig8_case4_ames2018.png Graphic file (type png)
<use ./figures/ch5_fig8_case4_ames2018.png>
Package pdftex.def Info: ./figures/ch5_fig8_case4_ames2018.png  used on input l
ine 1454.
(pdftex.def)             Requested size: 426.79135pt x 426.79071pt.

Package fancyhdr Warning: \headheight is too small (15.0pt): 
(fancyhdr)                Make it at least 25.28426pt, for example:
(fancyhdr)                \setlength{\headheight}{25.28426pt}.
(fancyhdr)                You might also make \topmargin smaller to compensate:

(fancyhdr)                \addtolength{\topmargin}{-10.28426pt}.

[85 <./figures/ch5_fig8_case4_ames2018.png>]

Package fancyhdr Warning: \headheight is too small (15.0pt): 
(fancyhdr)                Make it at least 25.28426pt, for example:
(fancyhdr)                \setlength{\headheight}{25.28426pt}.
(fancyhdr)                You might also make \topmargin smaller to compensate:

(fancyhdr)                \addtolength{\topmargin}{-10.28426pt}.

[86]

Package fancyhdr Warning: \headheight is too small (15.0pt): 
(fancyhdr)                Make it at least 25.28426pt, for example:
(fancyhdr)                \setlength{\headheight}{25.28426pt}.
(fancyhdr)                You might also make \topmargin smaller to compensate:

(fancyhdr)                \addtolength{\topmargin}{-10.28426pt}.

[87] [88

]
Chapter 5.
[89] [90] [91] [92

] [93] [94] [95]
Underfull \hbox (badness 2020) in paragraph at lines 1514--1514
[][]\T1/lmr/m/n/10.95 (+20) Lee, S, D Cook, N da Silva, U Laa, N Spyri-son, E W
ang, and HS Zhang
 []


Underfull \hbox (badness 6675) in paragraph at lines 1514--1514
\T1/lmr/m/n/10.95 (+20) (2021). The state-of-the-art on tours for dy-namic vi-s
u-al-iza-tion of high-
 []


Underfull \hbox (badness 6110) in paragraph at lines 1514--1514
\T1/lmr/m/n/10.95 (+20) dimensional data. en. \T1/lmr/m/it/10.95 (+20) WIREs Co
m-pu-ta-tional Statis-tics \T1/lmr/b/n/10.95 (+20) n/a\T1/lmr/m/n/10.95 (+20) (
n/a). _eprint:
 []


Underfull \hbox (badness 10000) in paragraph at lines 1514--1514
\T1/lmr/m/n/10.95 (+20) https://onlinelibrary.wiley.com/doi/pdf/10.1002/wics.15
73, e1573. (Vis-ited on
 []

[96] [97] [98] [99] [100] (./thesis_ns.aux)

LaTeX Warning: There were undefined references.

Package rerunfilecheck Info: File `thesis_ns.out' has not changed.
(rerunfilecheck)             Checksum: AEA565CDC8BC3C3349C3DE7F94089E6E;7929.
Package logreq Info: Writing requests to 'thesis_ns.run.xml'.
\openout1 = `thesis_ns.run.xml'.

 )
(\end occurred inside a group at level 1)

### semi simple group (level 1) entered at line 102 (\begingroup)
### bottom level 
Here is how much of TeX's memory you used:
 24620 strings out of 480293
 449591 string characters out of 5894822
 1196535 words of memory out of 5000000
 41313 multiletter control sequences out of 15000+600000
 535142 words of font info for 298 fonts, out of 8000000 for 9000
 14 hyphenation exceptions out of 8191
 75i,19n,77p,1429b,18591s stack positions out of 5000i,500n,10000p,200000b,80000s
pdfTeX warning (dest): name{sec:tour} has been referenced but d
oes not exist, replaced by a fixed one

{c:/Users/spyri/AppData/Roaming/TinyTeX/texmf-dist/fonts/enc/dvips/lm/lm-ts1.en
c}{c:/Users/spyri/AppData/Roaming/TinyTeX/texmf-dist/fonts/enc/dvips/lm/lm-ec.e
nc}{c:/Users/spyri/AppData/Roaming/TinyTeX/texmf-dist/fonts/enc/dvips/lm/lm-rm.
enc}{c:/Users/spyri/AppData/Roaming/TinyTeX/texmf-dist/fonts/enc/dvips/lm/lm-ma
thit.enc}{c:/Users/spyri/AppData/Roaming/TinyTeX/texmf-dist/fonts/enc/dvips/lm/
lm-mathex.enc}{c:/Users/spyri/AppData/Roaming/TinyTeX/texmf-dist/fonts/enc/dvip
s/base/8r.enc}{c:/Users/spyri/AppData/Roaming/TinyTeX/texmf-dist/fonts/enc/dvip
s/lm/lm-mathsy.enc}<c:/Users/spyri/AppData/Roaming/TinyTeX/texmf-dist/fonts/typ
e1/public/amsfonts/cm/cmr10.pfb><c:/Users/spyri/AppData/Roaming/TinyTeX/texmf-d
ist/fonts/type1/public/mathpazo/fplmbb.pfb><c:/Users/spyri/AppData/Roaming/Tiny
TeX/texmf-dist/fonts/type1/public/mathpazo/fplmr.pfb><c:/Users/spyri/AppData/Ro
aming/TinyTeX/texmf-dist/fonts/type1/public/lm/lmb10.pfb><c:/Users/spyri/AppDat
a/Roaming/TinyTeX/texmf-dist/fonts/type1/public/lm/lmex10.pfb><c:/Users/spyri/A
ppData/Roaming/TinyTeX/texmf-dist/fonts/type1/public/lm/lmmi10.pfb><c:/Users/sp
yri/AppData/Roaming/TinyTeX/texmf-dist/fonts/type1/public/lm/lmmi6.pfb><c:/User
s/spyri/AppData/Roaming/TinyTeX/texmf-dist/fonts/type1/public/lm/lmmi8.pfb><c:/
Users/spyri/AppData/Roaming/TinyTeX/texmf-dist/fonts/type1/public/lm/lmr10.pfb>
<c:/Users/spyri/AppData/Roaming/TinyTeX/texmf-dist/fonts/type1/public/lm/lmr6.p
fb><c:/Users/spyri/AppData/Roaming/TinyTeX/texmf-dist/fonts/type1/public/lm/lmr
8.pfb><c:/Users/spyri/AppData/Roaming/TinyTeX/texmf-dist/fonts/type1/public/lm/
lmri10.pfb><c:/Users/spyri/AppData/Roaming/TinyTeX/texmf-dist/fonts/type1/publi
c/lm/lmss10.pfb><c:/Users/spyri/AppData/Roaming/TinyTeX/texmf-dist/fonts/type1/
public/lm/lmss12.pfb><c:/Users/spyri/AppData/Roaming/TinyTeX/texmf-dist/fonts/t
ype1/public/lm/lmssbx10.pfb><c:/Users/spyri/AppData/Roaming/TinyTeX/texmf-dist/
fonts/type1/public/lm/lmsy10.pfb><c:/Users/spyri/AppData/Roaming/TinyTeX/texmf-
dist/fonts/type1/public/lm/lmsy8.pfb><c:/Users/spyri/AppData/Roaming/TinyTeX/te
xmf-dist/fonts/type1/public/lm/lmtko10.pfb><c:/Users/spyri/AppData/Roaming/Tiny
TeX/texmf-dist/fonts/type1/public/lm/lmtt10.pfb><c:/Users/spyri/AppData/Roaming
/TinyTeX/texmf-dist/fonts/type1/public/lm/lmtti10.pfb><c:/Users/spyri/AppData/R
oaming/TinyTeX/texmf-dist/fonts/type1/urw/palatino/uplr8a.pfb>
Output written on thesis_ns.pdf (109 pages, 4855481 bytes).
PDF statistics:
 1674 PDF objects out of 1728 (max. 8388607)
 1422 compressed objects within 15 object streams
 427 named destinations out of 1000 (max. 500000)
 75782 words of extra memory for PDF output out of 89155 (max. 10000000)

