\BOOKMARK [0][]{chapter*.1}{Acknowledgements}{}% 1
\BOOKMARK [0][]{chapter*.2}{Declaration}{}% 2
\BOOKMARK [0][]{chapter*.3}{Preface}{}% 3
\BOOKMARK [0][]{chapter*.4}{Abstract}{}% 4
\BOOKMARK [0][]{chapter.1}{1 Introduction}{}% 5
\BOOKMARK [0][]{chapter.2}{2 Literature review}{}% 6
\BOOKMARK [1][]{section.2.1}{2.1 Touring}{chapter.2}% 7
\BOOKMARK [1][]{section.2.2}{2.2 Virtual reality}{chapter.2}% 8
\BOOKMARK [0][]{chapter.3}{3 spinifex: An R package that provides manual rotations in high-dimensions}{}% 9
\BOOKMARK [1][]{section.3.1}{3.1 Abstract}{chapter.3}% 10
\BOOKMARK [1][]{section.3.2}{3.2 Introduction}{chapter.3}% 11
\BOOKMARK [1][]{section.3.3}{3.3 Manual tour algorithm}{chapter.3}% 12
\BOOKMARK [1][]{section.3.4}{3.4 Display projection sequence}{chapter.3}% 13
\BOOKMARK [1][]{section.3.5}{3.5 Usage}{chapter.3}% 14
\BOOKMARK [1][]{section.3.6}{3.6 Application}{chapter.3}% 15
\BOOKMARK [1][]{section.3.7}{3.7 Source}{chapter.3}% 16
\BOOKMARK [1][]{section.3.8}{3.8 Discussion}{chapter.3}% 17
\BOOKMARK [0][]{chapter.4}{4 Display dimensionality}{}% 18
\BOOKMARK [0][]{chapter.5}{5 Human-computer interaction of 3d projections}{}% 19
\BOOKMARK [0][]{appendix.A}{A Additional stuff}{}% 20
\BOOKMARK [0][]{appendix*.7}{Bibliography}{}% 21
